2023.12.02 10:58:55 INFO  Started: Metals version 1.1.0 in folders '/home/thelesso/dev/adventOfCode/day2' for client Visual Studio Code 1.83.1.[0m
2023.12.02 10:58:57 INFO  Attempting to connect to the build server...[0m
2023.12.02 10:58:57 INFO  Running BSP server List(/home/thelesso/.local/share/coursier/bin/.scala-cli.aux, bsp, --json-options, /home/thelesso/dev/adventOfCode/day2/.scala-build/ide-options-v2.json, /home/thelesso/dev/adventOfCode/day2)[0m
2023.12.02 10:58:57 INFO  tracing is disabled for protocol BSP, to enable tracing of incoming and outgoing JSON messages create an empty file at /home/thelesso/dev/adventOfCode/day2/.metals/bsp.trace.json or /home/thelesso/.cache/metals/bsp.trace.json[0m
Dec 02, 2023 10:59:01 AM org.eclipse.lsp4j.jsonrpc.services.GenericEndpoint notify
INFO: Unsupported notification method: $/setTrace
2023.12.02 10:59:09 WARN  no build target for: /home/thelesso/dev/adventOfCode/day2/Main.scala[0m
2023.12.02 10:59:21 INFO  no build target found for /home/thelesso/dev/adventOfCode/day2/Main.scala. Using presentation compiler with project's scala-library version: 3.3.1[0m
2023.12.02 10:59:22 WARN  no build target for: /home/thelesso/dev/adventOfCode/day2/Main.scala[0m
Dec 02, 2023 10:59:22 AM org.eclipse.lsp4j.jsonrpc.RemoteEndpoint handleCancellation
WARNING: Unmatched cancel notification for request id 28
2023.12.02 10:59:33 INFO  time: Connected to build server in 35s[0m
2023.12.02 10:59:33 INFO  Connected to Build server: scala-cli v1.0.4[0m
2023.12.02 10:59:33 INFO  time: Imported build in 0.13s[0m
2023.12.02 10:59:33 INFO  compiling day2_bd2c96d2de (1 scala source)[0m
2023.12.02 10:59:39 INFO  time: compiled day2_bd2c96d2de in 5.21s[0m
2023.12.02 10:59:45 INFO  time: indexed workspace in 11s[0m
2023.12.02 11:00:02 INFO  Shut down connection with build server.[0m
2023.12.02 11:00:02 INFO  BSP server: Dec 02, 2023 11:00:02 AM org.eclipse.lsp4j.jsonrpc.RemoteEndpoint handleNotification[0m
2023.12.02 11:01:12 INFO  Started: Metals version 1.1.0 in folders '/home/thelesso/dev/adventOfCode/day2' for client Visual Studio Code 1.83.1.
2023.12.02 11:01:13 INFO  Attempting to connect to the build server...
2023.12.02 11:01:13 WARN  No build session currently active to reload.
2023.12.02 11:01:13 INFO  Running BSP server List(/home/thelesso/.local/share/coursier/bin/.scala-cli.aux, bsp, --json-options, /home/thelesso/dev/adventOfCode/day2/.scala-build/ide-options-v2.json, /home/thelesso/dev/adventOfCode/day2)
2023.12.02 11:01:13 INFO  tracing is disabled for protocol BSP, to enable tracing of incoming and outgoing JSON messages create an empty file at /home/thelesso/dev/adventOfCode/day2/.metals/bsp.trace.json or /home/thelesso/.cache/metals/bsp.trace.json
2023.12.02 11:01:14 INFO  BSP server: Checking https://github.com/coursier/jvm-index/raw/master/index.json
2023.12.02 11:01:14 INFO  BSP server: Checked https://github.com/coursier/jvm-index/raw/master/index.json
2023.12.02 11:01:14 INFO  BSP server: Downloading https://github.com/coursier/jvm-index/raw/master/index.json
2023.12.02 11:01:14 INFO  BSP server: Downloaded https://github.com/coursier/jvm-index/raw/master/index.json
2023.12.02 11:01:14 INFO  BSP server: Starting compilation server
2023.12.02 11:01:17 INFO  no build target found for /home/thelesso/dev/adventOfCode/day2/Main.scala. Using presentation compiler with project's scala-library version: 3.3.1
2023.12.02 11:01:18 INFO  BSP server: Checking https://repo1.maven.org/maven2/org/scala-lang/scala-library/
2023.12.02 11:01:18 INFO  BSP server: Checked https://repo1.maven.org/maven2/org/scala-lang/scala-library/
2023.12.02 11:01:18 INFO  BSP server: Checking https://repo1.maven.org/maven2/org/scala-lang/scala-library/maven-metadata.xml
2023.12.02 11:01:18 INFO  BSP server: Checked https://repo1.maven.org/maven2/org/scala-lang/scala-library/maven-metadata.xml
2023.12.02 11:01:18 INFO  BSP server: Checking https://repo1.maven.org/maven2/org/scala-lang/scala3-library_3/
2023.12.02 11:01:18 INFO  BSP server: Checked https://repo1.maven.org/maven2/org/scala-lang/scala3-library_3/
2023.12.02 11:01:18 INFO  BSP server: Downloading https://repo1.maven.org/maven2/org/scala-lang/scala3-library_3/
2023.12.02 11:01:18 INFO  BSP server: Downloaded https://repo1.maven.org/maven2/org/scala-lang/scala3-library_3/
2023.12.02 11:01:18 INFO  BSP server: Checking https://repo1.maven.org/maven2/org/scala-lang/scala3-library_3/maven-metadata.xml
2023.12.02 11:01:18 INFO  BSP server: Checked https://repo1.maven.org/maven2/org/scala-lang/scala3-library_3/maven-metadata.xml
2023.12.02 11:01:18 INFO  BSP server: Downloading https://repo1.maven.org/maven2/org/scala-lang/scala3-library_3/maven-metadata.xml
2023.12.02 11:01:18 INFO  BSP server: Downloaded https://repo1.maven.org/maven2/org/scala-lang/scala3-library_3/maven-metadata.xml
2023.12.02 11:01:19 INFO  time: Connected to build server in 5.84s
2023.12.02 11:01:19 INFO  Connected to Build server: scala-cli v1.0.4
2023.12.02 11:01:19 INFO  time: Imported build in 0.21s
2023.12.02 11:01:21 INFO  time: indexed workspace in 2.05s
2023.12.02 11:04:23 INFO  compiling day2_bd2c96d2de (1 scala source)
2023.12.02 11:04:28 INFO  time: compiled day2_bd2c96d2de in 4.97s
Dec 02, 2023 11:05:40 AM org.eclipse.lsp4j.jsonrpc.RemoteEndpoint handleCancellation
WARNING: Unmatched cancel notification for request id 116
2023.12.02 11:05:41 INFO  compiling day2_bd2c96d2de (1 scala source)
2023.12.02 11:05:43 INFO  time: compiled day2_bd2c96d2de in 1.6s
2023.12.02 11:05:43 WARN  Could not load snapshot text for /home/thelesso/dev/adventOfCode/day2/Main.scala
2023.12.02 11:05:45 WARN  Could not load snapshot text for /home/thelesso/dev/adventOfCode/day2/Main.scala
2023.12.02 11:05:45 WARN  Could not load snapshot text for /home/thelesso/dev/adventOfCode/day2/Main.scala
2023.12.02 11:05:47 WARN  Could not load snapshot text for /home/thelesso/dev/adventOfCode/day2/Main.scala
2023.12.02 11:05:50 WARN  Could not load snapshot text for /home/thelesso/dev/adventOfCode/day2/Main.scala
2023.12.02 11:05:53 WARN  Could not load snapshot text for /home/thelesso/dev/adventOfCode/day2/Main.scala
2023.12.02 11:05:54 WARN  Could not load snapshot text for /home/thelesso/dev/adventOfCode/day2/Main.scala
2023.12.02 11:05:55 WARN  Could not load snapshot text for /home/thelesso/dev/adventOfCode/day2/Main.scala
2023.12.02 11:05:58 WARN  Could not load snapshot text for /home/thelesso/dev/adventOfCode/day2/Main.scala
2023.12.02 11:05:59 WARN  Could not load snapshot text for /home/thelesso/dev/adventOfCode/day2/Main.scala
2023.12.02 11:06:06 WARN  Could not load snapshot text for /home/thelesso/dev/adventOfCode/day2/Main.scala
2023.12.02 11:06:07 WARN  Could not load snapshot text for /home/thelesso/dev/adventOfCode/day2/Main.scala
2023.12.02 11:06:07 INFO  compiling day2_bd2c96d2de (1 scala source)
2023.12.02 11:06:07 INFO  time: compiled day2_bd2c96d2de in 0.99s
2023.12.02 11:06:09 WARN  Could not load snapshot text for /home/thelesso/dev/adventOfCode/day2/Main.scala
2023.12.02 11:06:09 WARN  Could not load snapshot text for /home/thelesso/dev/adventOfCode/day2/Main.scala
2023.12.02 11:06:28 WARN  Could not load snapshot text for /home/thelesso/dev/adventOfCode/day2/Main.scala
2023.12.02 11:06:33 WARN  Could not load snapshot text for /home/thelesso/dev/adventOfCode/day2/Main.scala
2023.12.02 11:06:35 WARN  Could not load snapshot text for /home/thelesso/dev/adventOfCode/day2/Main.scala
2023.12.02 11:06:38 WARN  Could not load snapshot text for /home/thelesso/dev/adventOfCode/day2/Main.scala
2023.12.02 11:06:38 WARN  Could not load snapshot text for /home/thelesso/dev/adventOfCode/day2/Main.scala
2023.12.02 11:06:39 WARN  Could not load snapshot text for /home/thelesso/dev/adventOfCode/day2/Main.scala
2023.12.02 11:06:39 WARN  Could not load snapshot text for /home/thelesso/dev/adventOfCode/day2/Main.scala
2023.12.02 11:06:41 WARN  Could not load snapshot text for /home/thelesso/dev/adventOfCode/day2/Main.scala
2023.12.02 11:06:44 WARN  Could not load snapshot text for /home/thelesso/dev/adventOfCode/day2/Main.scala
2023.12.02 11:06:45 WARN  Could not load snapshot text for /home/thelesso/dev/adventOfCode/day2/Main.scala
2023.12.02 11:06:45 WARN  Could not load snapshot text for /home/thelesso/dev/adventOfCode/day2/Main.scala
2023.12.02 11:06:45 WARN  Could not load snapshot text for /home/thelesso/dev/adventOfCode/day2/Main.scala
2023.12.02 11:06:46 INFO  compiling day2_bd2c96d2de (1 scala source)
2023.12.02 11:06:46 INFO  time: compiled day2_bd2c96d2de in 0.97s
2023.12.02 11:06:55 WARN  Could not load snapshot text for /home/thelesso/dev/adventOfCode/day2/Main.scala
2023.12.02 11:06:56 WARN  Could not load snapshot text for /home/thelesso/dev/adventOfCode/day2/Main.scala
2023.12.02 11:06:57 WARN  Could not load snapshot text for /home/thelesso/dev/adventOfCode/day2/Main.scala
2023.12.02 11:06:57 INFO  compiling day2_bd2c96d2de (1 scala source)
2023.12.02 11:06:57 INFO  time: compiled day2_bd2c96d2de in 0.79s
2023.12.02 11:06:58 WARN  Could not load snapshot text for /home/thelesso/dev/adventOfCode/day2/Main.scala
2023.12.02 11:06:59 WARN  Could not load snapshot text for /home/thelesso/dev/adventOfCode/day2/Main.scala
2023.12.02 11:07:01 WARN  Could not load snapshot text for /home/thelesso/dev/adventOfCode/day2/Main.scala
2023.12.02 11:07:02 WARN  Could not load snapshot text for /home/thelesso/dev/adventOfCode/day2/Main.scala
2023.12.02 11:07:04 WARN  Could not load snapshot text for /home/thelesso/dev/adventOfCode/day2/Main.scala
2023.12.02 11:07:07 WARN  Could not load snapshot text for /home/thelesso/dev/adventOfCode/day2/Main.scala
2023.12.02 11:07:08 WARN  Could not load snapshot text for /home/thelesso/dev/adventOfCode/day2/Main.scala
2023.12.02 11:07:10 WARN  Could not load snapshot text for /home/thelesso/dev/adventOfCode/day2/Main.scala
2023.12.02 11:07:12 WARN  Could not load snapshot text for /home/thelesso/dev/adventOfCode/day2/Main.scala
2023.12.02 11:07:12 WARN  Could not load snapshot text for /home/thelesso/dev/adventOfCode/day2/Main.scala
2023.12.02 11:07:13 WARN  Could not load snapshot text for /home/thelesso/dev/adventOfCode/day2/Main.scala
2023.12.02 11:07:14 WARN  Could not load snapshot text for /home/thelesso/dev/adventOfCode/day2/Main.scala
2023.12.02 11:07:14 WARN  Could not load snapshot text for /home/thelesso/dev/adventOfCode/day2/Main.scala
2023.12.02 11:07:15 INFO  compiling day2_bd2c96d2de (1 scala source)
2023.12.02 11:07:15 INFO  time: compiled day2_bd2c96d2de in 0.5s
2023.12.02 11:07:15 WARN  Could not load snapshot text for /home/thelesso/dev/adventOfCode/day2/Main.scala
2023.12.02 11:07:18 WARN  Could not load snapshot text for /home/thelesso/dev/adventOfCode/day2/Main.scala
2023.12.02 11:07:18 WARN  Could not load snapshot text for /home/thelesso/dev/adventOfCode/day2/Main.scala
2023.12.02 11:07:19 INFO  compiling day2_bd2c96d2de (1 scala source)
2023.12.02 11:07:19 INFO  time: compiled day2_bd2c96d2de in 0.43s
2023.12.02 11:07:35 INFO  compiling day2_bd2c96d2de (1 scala source)
2023.12.02 11:07:35 INFO  time: compiled day2_bd2c96d2de in 0.56s
2023.12.02 11:07:47 WARN  Could not load snapshot text for /home/thelesso/dev/adventOfCode/day2/Main.scala
2023.12.02 11:07:47 WARN  Could not load snapshot text for /home/thelesso/dev/adventOfCode/day2/Main.scala
2023.12.02 11:07:47 INFO  compiling day2_bd2c96d2de (1 scala source)
2023.12.02 11:07:47 INFO  Deduplicating compilation of day2_bd2c96d2de from bsp client 'scala-cli 1.0.4' (since 6m 29.011s)
2023.12.02 11:07:47 INFO  compiling day2_bd2c96d2de (1 scala source)
2023.12.02 11:07:47 INFO  time: compiled day2_bd2c96d2de in 0.24s
2023.12.02 11:08:00 INFO  compiling day2_bd2c96d2de (1 scala source)
2023.12.02 11:08:00 INFO  time: compiled day2_bd2c96d2de in 0.44s
2023.12.02 11:12:35 ERROR Failed to tokenize input for semantic tokens for /home/thelesso/dev/adventOfCode/day2/Main.scala
scala.meta.tokenizers.TokenizeException: <input>:13: error: invalid escape character
  val regex = "(\d{1,} red|(\d{1,} green)|\d{1,} blue)"
                 ^
	at scala.meta.internal.tokenizers.Reporter.syntaxError(Reporter.scala:23)
	at scala.meta.internal.tokenizers.Reporter.syntaxError$(Reporter.scala:23)
	at scala.meta.internal.tokenizers.Reporter$$anon$1.syntaxError(Reporter.scala:33)
	at scala.meta.internal.tokenizers.Reporter.syntaxError(Reporter.scala:25)
	at scala.meta.internal.tokenizers.Reporter.syntaxError$(Reporter.scala:25)
	at scala.meta.internal.tokenizers.Reporter$$anon$1.syntaxError(Reporter.scala:33)
	at scala.meta.internal.tokenizers.LegacyScanner.invalidEscape(LegacyScanner.scala:744)
	at scala.meta.internal.tokenizers.LegacyScanner.getLitChar(LegacyScanner.scala:732)
	at scala.meta.internal.tokenizers.LegacyScanner.getLitChars(LegacyScanner.scala:753)
	at scala.meta.internal.tokenizers.LegacyScanner.getStringLit(LegacyScanner.scala:546)
	at scala.meta.internal.tokenizers.LegacyScanner.fetchDoubleQuote$1(LegacyScanner.scala:372)
	at scala.meta.internal.tokenizers.LegacyScanner.fetchToken(LegacyScanner.scala:376)
	at scala.meta.internal.tokenizers.LegacyScanner.nextToken(LegacyScanner.scala:211)
	at scala.meta.internal.tokenizers.LegacyScanner.foreach(LegacyScanner.scala:1011)
	at scala.meta.internal.tokenizers.ScalametaTokenizer.uncachedTokenize(ScalametaTokenizer.scala:24)
	at scala.meta.internal.tokenizers.ScalametaTokenizer.$anonfun$tokenize$1(ScalametaTokenizer.scala:17)
	at scala.collection.concurrent.TrieMap.getOrElseUpdate(TrieMap.scala:962)
	at scala.meta.internal.tokenizers.ScalametaTokenizer.tokenize(ScalametaTokenizer.scala:17)
	at scala.meta.internal.tokenizers.ScalametaTokenizer$$anon$2.apply(ScalametaTokenizer.scala:332)
	at scala.meta.tokenizers.Api$XtensionTokenizeDialectInput.tokenize(Api.scala:25)
	at scala.meta.tokenizers.Api$XtensionTokenizeInputLike.tokenize(Api.scala:14)
	at scala.meta.internal.metals.SemanticTokensProvider$.getTokens(SemanticTokensProvider.scala:28)
	at scala.meta.internal.metals.SemanticTokensProvider$.provide(SemanticTokensProvider.scala:89)
	at scala.meta.internal.metals.Compilers.$anonfun$semanticTokens$3(Compilers.scala:539)
	at scala.concurrent.impl.Promise$Transformation.run(Promise.scala:467)
	at java.util.concurrent.ThreadPoolExecutor.runWorker(ThreadPoolExecutor.java:1149)
	at java.util.concurrent.ThreadPoolExecutor$Worker.run(ThreadPoolExecutor.java:624)
	at java.lang.Thread.run(Thread.java:748)

2023.12.02 11:12:39 ERROR Failed to tokenize input for semantic tokens for /home/thelesso/dev/adventOfCode/day2/Main.scala
scala.meta.tokenizers.TokenizeException: <input>:13: error: invalid escape character
  val regex = "(\\d{1,} red|(\d{1,} green)|\d{1,} blue)"
                              ^
	at scala.meta.internal.tokenizers.Reporter.syntaxError(Reporter.scala:23)
	at scala.meta.internal.tokenizers.Reporter.syntaxError$(Reporter.scala:23)
	at scala.meta.internal.tokenizers.Reporter$$anon$1.syntaxError(Reporter.scala:33)
	at scala.meta.internal.tokenizers.Reporter.syntaxError(Reporter.scala:25)
	at scala.meta.internal.tokenizers.Reporter.syntaxError$(Reporter.scala:25)
	at scala.meta.internal.tokenizers.Reporter$$anon$1.syntaxError(Reporter.scala:33)
	at scala.meta.internal.tokenizers.LegacyScanner.invalidEscape(LegacyScanner.scala:744)
	at scala.meta.internal.tokenizers.LegacyScanner.getLitChar(LegacyScanner.scala:732)
	at scala.meta.internal.tokenizers.LegacyScanner.getLitChars(LegacyScanner.scala:753)
	at scala.meta.internal.tokenizers.LegacyScanner.getStringLit(LegacyScanner.scala:546)
	at scala.meta.internal.tokenizers.LegacyScanner.fetchDoubleQuote$1(LegacyScanner.scala:372)
	at scala.meta.internal.tokenizers.LegacyScanner.fetchToken(LegacyScanner.scala:376)
	at scala.meta.internal.tokenizers.LegacyScanner.nextToken(LegacyScanner.scala:211)
	at scala.meta.internal.tokenizers.LegacyScanner.foreach(LegacyScanner.scala:1011)
	at scala.meta.internal.tokenizers.ScalametaTokenizer.uncachedTokenize(ScalametaTokenizer.scala:24)
	at scala.meta.internal.tokenizers.ScalametaTokenizer.$anonfun$tokenize$1(ScalametaTokenizer.scala:17)
	at scala.collection.concurrent.TrieMap.getOrElseUpdate(TrieMap.scala:962)
	at scala.meta.internal.tokenizers.ScalametaTokenizer.tokenize(ScalametaTokenizer.scala:17)
	at scala.meta.internal.tokenizers.ScalametaTokenizer$$anon$2.apply(ScalametaTokenizer.scala:332)
	at scala.meta.tokenizers.Api$XtensionTokenizeDialectInput.tokenize(Api.scala:25)
	at scala.meta.tokenizers.Api$XtensionTokenizeInputLike.tokenize(Api.scala:14)
	at scala.meta.internal.metals.SemanticTokensProvider$.getTokens(SemanticTokensProvider.scala:28)
	at scala.meta.internal.metals.SemanticTokensProvider$.provide(SemanticTokensProvider.scala:89)
	at scala.meta.internal.metals.Compilers.$anonfun$semanticTokens$3(Compilers.scala:539)
	at scala.concurrent.impl.Promise$Transformation.run(Promise.scala:467)
	at java.util.concurrent.ThreadPoolExecutor.runWorker(ThreadPoolExecutor.java:1149)
	at java.util.concurrent.ThreadPoolExecutor$Worker.run(ThreadPoolExecutor.java:624)
	at java.lang.Thread.run(Thread.java:748)

2023.12.02 11:12:41 ERROR Failed to tokenize input for semantic tokens for /home/thelesso/dev/adventOfCode/day2/Main.scala
scala.meta.tokenizers.TokenizeException: <input>:13: error: invalid escape character
  val regex = "(\\d{1,} red|(\\d{1,} green)|\d{1,} blue)"
                                             ^
	at scala.meta.internal.tokenizers.Reporter.syntaxError(Reporter.scala:23)
	at scala.meta.internal.tokenizers.Reporter.syntaxError$(Reporter.scala:23)
	at scala.meta.internal.tokenizers.Reporter$$anon$1.syntaxError(Reporter.scala:33)
	at scala.meta.internal.tokenizers.Reporter.syntaxError(Reporter.scala:25)
	at scala.meta.internal.tokenizers.Reporter.syntaxError$(Reporter.scala:25)
	at scala.meta.internal.tokenizers.Reporter$$anon$1.syntaxError(Reporter.scala:33)
	at scala.meta.internal.tokenizers.LegacyScanner.invalidEscape(LegacyScanner.scala:744)
	at scala.meta.internal.tokenizers.LegacyScanner.getLitChar(LegacyScanner.scala:732)
	at scala.meta.internal.tokenizers.LegacyScanner.getLitChars(LegacyScanner.scala:753)
	at scala.meta.internal.tokenizers.LegacyScanner.getStringLit(LegacyScanner.scala:546)
	at scala.meta.internal.tokenizers.LegacyScanner.fetchDoubleQuote$1(LegacyScanner.scala:372)
	at scala.meta.internal.tokenizers.LegacyScanner.fetchToken(LegacyScanner.scala:376)
	at scala.meta.internal.tokenizers.LegacyScanner.nextToken(LegacyScanner.scala:211)
	at scala.meta.internal.tokenizers.LegacyScanner.foreach(LegacyScanner.scala:1011)
	at scala.meta.internal.tokenizers.ScalametaTokenizer.uncachedTokenize(ScalametaTokenizer.scala:24)
	at scala.meta.internal.tokenizers.ScalametaTokenizer.$anonfun$tokenize$1(ScalametaTokenizer.scala:17)
	at scala.collection.concurrent.TrieMap.getOrElseUpdate(TrieMap.scala:962)
	at scala.meta.internal.tokenizers.ScalametaTokenizer.tokenize(ScalametaTokenizer.scala:17)
	at scala.meta.internal.tokenizers.ScalametaTokenizer$$anon$2.apply(ScalametaTokenizer.scala:332)
	at scala.meta.tokenizers.Api$XtensionTokenizeDialectInput.tokenize(Api.scala:25)
	at scala.meta.tokenizers.Api$XtensionTokenizeInputLike.tokenize(Api.scala:14)
	at scala.meta.internal.metals.SemanticTokensProvider$.getTokens(SemanticTokensProvider.scala:28)
	at scala.meta.internal.metals.SemanticTokensProvider$.provide(SemanticTokensProvider.scala:89)
	at scala.meta.internal.metals.Compilers.$anonfun$semanticTokens$3(Compilers.scala:539)
	at scala.concurrent.impl.Promise$Transformation.run(Promise.scala:467)
	at java.util.concurrent.ThreadPoolExecutor.runWorker(ThreadPoolExecutor.java:1149)
	at java.util.concurrent.ThreadPoolExecutor$Worker.run(ThreadPoolExecutor.java:624)
	at java.lang.Thread.run(Thread.java:748)

2023.12.02 11:12:45 INFO  compiling day2_bd2c96d2de (1 scala source)
2023.12.02 11:12:45 INFO  time: compiled day2_bd2c96d2de in 0.54s
2023.12.02 11:12:56 INFO  compiling day2_bd2c96d2de (1 scala source)
2023.12.02 11:12:56 INFO  time: compiled day2_bd2c96d2de in 0.47s
2023.12.02 11:13:00 INFO  compiling day2_bd2c96d2de (1 scala source)
2023.12.02 11:13:00 INFO  time: compiled day2_bd2c96d2de in 0.41s
2023.12.02 11:13:07 INFO  compiling day2_bd2c96d2de (1 scala source)
2023.12.02 11:13:07 INFO  time: compiled day2_bd2c96d2de in 0.45s
2023.12.02 11:13:18 INFO  compiling day2_bd2c96d2de (1 scala source)
2023.12.02 11:13:18 INFO  time: compiled day2_bd2c96d2de in 0.43s
2023.12.02 11:13:22 INFO  compiling day2_bd2c96d2de (1 scala source)
2023.12.02 11:13:22 INFO  time: compiled day2_bd2c96d2de in 0.45s
Dec 02, 2023 11:13:32 AM org.eclipse.lsp4j.jsonrpc.RemoteEndpoint handleCancellation
WARNING: Unmatched cancel notification for request id 782
2023.12.02 11:13:41 WARN  Could not load snapshot text for /home/thelesso/dev/adventOfCode/day2/Main.scala
2023.12.02 11:13:41 INFO  compiling day2_bd2c96d2de (1 scala source)
2023.12.02 11:13:41 INFO  time: compiled day2_bd2c96d2de in 0.5s
2023.12.02 11:14:17 INFO  compiling day2_bd2c96d2de (1 scala source)
2023.12.02 11:14:17 INFO  time: compiled day2_bd2c96d2de in 0.39s
Dec 02, 2023 11:15:00 AM org.eclipse.lsp4j.jsonrpc.RemoteEndpoint handleCancellation
WARNING: Unmatched cancel notification for request id 999
2023.12.02 11:15:04 INFO  compiling day2_bd2c96d2de (1 scala source)
2023.12.02 11:15:04 INFO  time: compiled day2_bd2c96d2de in 0.28s
Dec 02, 2023 11:15:07 AM org.eclipse.lsp4j.jsonrpc.RemoteEndpoint handleCancellation
WARNING: Unmatched cancel notification for request id 1030
2023.12.02 11:15:08 INFO  compiling day2_bd2c96d2de (1 scala source)
2023.12.02 11:15:08 INFO  time: compiled day2_bd2c96d2de in 0.17s
2023.12.02 11:15:36 INFO  compiling day2_bd2c96d2de (1 scala source)
2023.12.02 11:15:36 INFO  time: compiled day2_bd2c96d2de in 0.41s
2023.12.02 11:15:49 INFO  compiling day2_bd2c96d2de (1 scala source)
2023.12.02 11:15:49 INFO  time: compiled day2_bd2c96d2de in 0.37s
2023.12.02 11:16:02 INFO  compiling day2_bd2c96d2de (1 scala source)
2023.12.02 11:16:02 INFO  time: compiled day2_bd2c96d2de in 0.2s
2023.12.02 11:16:14 INFO  compiling day2_bd2c96d2de (1 scala source)
2023.12.02 11:16:14 INFO  time: compiled day2_bd2c96d2de in 0.44s
2023.12.02 11:16:16 INFO  compiling day2_bd2c96d2de (1 scala source)
2023.12.02 11:16:16 INFO  time: compiled day2_bd2c96d2de in 0.33s
2023.12.02 11:16:49 INFO  compiling day2_bd2c96d2de (1 scala source)
2023.12.02 11:16:49 INFO  time: compiled day2_bd2c96d2de in 0.23s
2023.12.02 11:16:52 INFO  compiling day2_bd2c96d2de (1 scala source)
2023.12.02 11:16:52 INFO  time: compiled day2_bd2c96d2de in 0.37s
2023.12.02 11:17:09 WARN  Could not load snapshot text for /home/thelesso/dev/adventOfCode/day2/Main.scala
2023.12.02 11:17:09 INFO  compiling day2_bd2c96d2de (1 scala source)
2023.12.02 11:17:09 INFO  time: compiled day2_bd2c96d2de in 0.18s
2023.12.02 11:17:12 WARN  Could not load snapshot text for /home/thelesso/dev/adventOfCode/day2/Main.scala
2023.12.02 11:17:12 INFO  compiling day2_bd2c96d2de (1 scala source)
2023.12.02 11:17:12 INFO  time: compiled day2_bd2c96d2de in 0.34s
2023.12.02 11:17:18 INFO  compiling day2_bd2c96d2de (1 scala source)
2023.12.02 11:17:18 INFO  time: compiled day2_bd2c96d2de in 0.35s
2023.12.02 11:17:27 INFO  compiling day2_bd2c96d2de (1 scala source)
2023.12.02 11:17:27 INFO  time: compiled day2_bd2c96d2de in 0.4s
2023.12.02 11:17:39 INFO  compiling day2_bd2c96d2de (1 scala source)
2023.12.02 11:17:39 INFO  time: compiled day2_bd2c96d2de in 0.34s
2023.12.02 11:17:52 INFO  compiling day2_bd2c96d2de (1 scala source)
2023.12.02 11:17:52 INFO  time: compiled day2_bd2c96d2de in 0.33s
2023.12.02 11:17:55 INFO  compiling day2_bd2c96d2de (1 scala source)
2023.12.02 11:17:55 INFO  time: compiled day2_bd2c96d2de in 0.33s
2023.12.02 11:18:07 INFO  compiling day2_bd2c96d2de (1 scala source)
2023.12.02 11:18:07 INFO  time: compiled day2_bd2c96d2de in 0.33s
2023.12.02 11:18:40 INFO  compiling day2_bd2c96d2de (1 scala source)
2023.12.02 11:18:40 INFO  time: compiled day2_bd2c96d2de in 0.36s
2023.12.02 11:18:47 INFO  compiling day2_bd2c96d2de (1 scala source)
2023.12.02 11:18:47 INFO  time: compiled day2_bd2c96d2de in 0.31s
2023.12.02 11:19:06 INFO  compiling day2_bd2c96d2de (1 scala source)
2023.12.02 11:19:06 INFO  time: compiled day2_bd2c96d2de in 0.31s
2023.12.02 11:19:34 INFO  compiling day2_bd2c96d2de (1 scala source)
2023.12.02 11:19:34 INFO  time: compiled day2_bd2c96d2de in 0.34s
2023.12.02 11:19:38 INFO  compiling day2_bd2c96d2de (1 scala source)
2023.12.02 11:19:38 INFO  time: compiled day2_bd2c96d2de in 0.29s
2023.12.02 11:19:40 INFO  compiling day2_bd2c96d2de (1 scala source)
2023.12.02 11:19:40 INFO  time: compiled day2_bd2c96d2de in 0.37s
2023.12.02 11:19:46 WARN  Could not load snapshot text for /home/thelesso/dev/adventOfCode/day2/Main.scala
2023.12.02 11:19:46 WARN  Could not load snapshot text for /home/thelesso/dev/adventOfCode/day2/Main.scala
2023.12.02 11:19:46 INFO  compiling day2_bd2c96d2de (1 scala source)
2023.12.02 11:19:46 INFO  time: compiled day2_bd2c96d2de in 0.18s
2023.12.02 11:19:47 WARN  Could not load snapshot text for /home/thelesso/dev/adventOfCode/day2/Main.scala
2023.12.02 11:19:48 WARN  Could not load snapshot text for /home/thelesso/dev/adventOfCode/day2/Main.scala
2023.12.02 11:19:51 WARN  Could not load snapshot text for /home/thelesso/dev/adventOfCode/day2/Main.scala
2023.12.02 11:19:52 WARN  Could not load snapshot text for /home/thelesso/dev/adventOfCode/day2/Main.scala
2023.12.02 11:19:52 INFO  compiling day2_bd2c96d2de (1 scala source)
2023.12.02 11:19:52 INFO  time: compiled day2_bd2c96d2de in 0.21s
2023.12.02 11:19:53 WARN  Could not load snapshot text for /home/thelesso/dev/adventOfCode/day2/Main.scala
2023.12.02 11:19:57 WARN  Could not load snapshot text for /home/thelesso/dev/adventOfCode/day2/Main.scala
2023.12.02 11:19:57 WARN  Could not load snapshot text for /home/thelesso/dev/adventOfCode/day2/Main.scala
2023.12.02 11:19:57 WARN  Could not load snapshot text for /home/thelesso/dev/adventOfCode/day2/Main.scala
2023.12.02 11:19:57 WARN  Could not load snapshot text for /home/thelesso/dev/adventOfCode/day2/Main.scala
2023.12.02 11:19:57 WARN  Could not load snapshot text for /home/thelesso/dev/adventOfCode/day2/Main.scala
2023.12.02 11:19:57 WARN  Could not load snapshot text for /home/thelesso/dev/adventOfCode/day2/Main.scala
2023.12.02 11:19:57 WARN  Could not load snapshot text for /home/thelesso/dev/adventOfCode/day2/Main.scala
2023.12.02 11:19:57 WARN  Could not load snapshot text for /home/thelesso/dev/adventOfCode/day2/Main.scala
2023.12.02 11:19:57 WARN  Could not load snapshot text for /home/thelesso/dev/adventOfCode/day2/Main.scala
2023.12.02 11:19:58 INFO  compiling day2_bd2c96d2de (1 scala source)
2023.12.02 11:19:58 INFO  time: compiled day2_bd2c96d2de in 0.33s
2023.12.02 11:20:02 INFO  compiling day2_bd2c96d2de (1 scala source)
2023.12.02 11:20:02 INFO  time: compiled day2_bd2c96d2de in 0.28s
2023.12.02 11:20:07 INFO  compiling day2_bd2c96d2de (1 scala source)
2023.12.02 11:20:07 INFO  time: compiled day2_bd2c96d2de in 0.27s
2023.12.02 11:20:14 INFO  compiling day2_bd2c96d2de (1 scala source)
2023.12.02 11:20:14 INFO  time: compiled day2_bd2c96d2de in 0.3s
2023.12.02 11:20:19 INFO  compiling day2_bd2c96d2de (1 scala source)
2023.12.02 11:20:19 INFO  time: compiled day2_bd2c96d2de in 0.32s
Dec 02, 2023 11:21:05 AM scala.meta.internal.pc.CompilerAccess handleError
SEVERE: A severe compiler error occurred, full details of the error can be found in the error report /home/thelesso/dev/adventOfCode/day2/.metals/.reports/metals-full/2023-12-02/r_compiler-error_(day2_bd2c96d2de)_11-21-05-149.md
2023.12.02 11:21:08 INFO  compiling day2_bd2c96d2de (1 scala source)
2023.12.02 11:21:08 INFO  Deduplicating compilation of day2_bd2c96d2de from bsp client 'scala-cli 1.0.4' (since 19m 49.944s)
2023.12.02 11:21:08 INFO  compiling day2_bd2c96d2de (1 scala source)
2023.12.02 11:21:08 INFO  time: compiled day2_bd2c96d2de in 0.22s
2023.12.02 11:21:48 INFO  compiling day2_bd2c96d2de (1 scala source)
2023.12.02 11:21:48 INFO  time: compiled day2_bd2c96d2de in 0.41s
2023.12.02 11:21:55 INFO  compiling day2_bd2c96d2de (1 scala source)
2023.12.02 11:21:55 INFO  time: compiled day2_bd2c96d2de in 0.29s
2023.12.02 11:22:19 INFO  compiling day2_bd2c96d2de (1 scala source)
2023.12.02 11:22:19 INFO  time: compiled day2_bd2c96d2de in 0.73s
2023.12.02 11:22:33 INFO  compiling day2_bd2c96d2de (1 scala source)
2023.12.02 11:22:33 INFO  time: compiled day2_bd2c96d2de in 0.29s
2023.12.02 11:22:45 INFO  compiling day2_bd2c96d2de (1 scala source)
2023.12.02 11:22:45 INFO  time: compiled day2_bd2c96d2de in 0.28s
2023.12.02 11:22:59 INFO  compiling day2_bd2c96d2de (1 scala source)
2023.12.02 11:22:59 INFO  time: compiled day2_bd2c96d2de in 0.34s
2023.12.02 11:23:18 INFO  compiling day2_bd2c96d2de (1 scala source)
2023.12.02 11:23:18 INFO  time: compiled day2_bd2c96d2de in 0.31s
2023.12.02 11:23:28 INFO  compiling day2_bd2c96d2de (1 scala source)
2023.12.02 11:23:28 INFO  time: compiled day2_bd2c96d2de in 0.29s
2023.12.02 11:23:32 INFO  compiling day2_bd2c96d2de (1 scala source)
2023.12.02 11:23:32 INFO  time: compiled day2_bd2c96d2de in 0.29s
2023.12.02 11:23:43 INFO  compiling day2_bd2c96d2de (1 scala source)
2023.12.02 11:23:43 INFO  time: compiled day2_bd2c96d2de in 0.3s
Dec 02, 2023 11:23:55 AM scala.meta.internal.pc.CompilerAccess handleError
SEVERE: A severe compiler error occurred, full details of the error can be found in the error report /home/thelesso/dev/adventOfCode/day2/.metals/.reports/metals-full/2023-12-02/r_compiler-error_(day2_bd2c96d2de)_11-23-55-673.md
2023.12.02 11:23:58 INFO  compiling day2_bd2c96d2de (1 scala source)
2023.12.02 11:23:58 INFO  time: compiled day2_bd2c96d2de in 0.28s
2023.12.02 11:24:06 INFO  compiling day2_bd2c96d2de (1 scala source)
2023.12.02 11:24:06 INFO  time: compiled day2_bd2c96d2de in 0.16s
2023.12.02 11:24:18 INFO  compiling day2_bd2c96d2de (1 scala source)
2023.12.02 11:24:18 INFO  time: compiled day2_bd2c96d2de in 0.25s
2023.12.02 11:24:30 INFO  compiling day2_bd2c96d2de (1 scala source)
2023.12.02 11:24:30 INFO  time: compiled day2_bd2c96d2de in 0.24s
2023.12.02 11:24:40 INFO  compiling day2_bd2c96d2de (1 scala source)
2023.12.02 11:24:40 INFO  time: compiled day2_bd2c96d2de in 0.34s
Dec 02, 2023 11:24:44 AM org.eclipse.lsp4j.jsonrpc.RemoteEndpoint handleCancellation
WARNING: Unmatched cancel notification for request id 3030
2023.12.02 11:24:47 INFO  compiling day2_bd2c96d2de (1 scala source)
2023.12.02 11:24:47 INFO  time: compiled day2_bd2c96d2de in 0.29s
2023.12.02 11:24:50 ERROR Failed to tokenize input for semantic tokens for /home/thelesso/dev/adventOfCode/day2/Main.scala
scala.meta.tokenizers.TokenizeException: <input>:22: error: illegal character '\u00b4'
      case ´"blue" if(x(0).toInt <= maxBlue) => success = true 
           ^
	at scala.meta.internal.tokenizers.Reporter.syntaxError(Reporter.scala:23)
	at scala.meta.internal.tokenizers.Reporter.syntaxError$(Reporter.scala:23)
	at scala.meta.internal.tokenizers.Reporter$$anon$1.syntaxError(Reporter.scala:33)
	at scala.meta.internal.tokenizers.Reporter.syntaxError(Reporter.scala:25)
	at scala.meta.internal.tokenizers.Reporter.syntaxError$(Reporter.scala:25)
	at scala.meta.internal.tokenizers.Reporter$$anon$1.syntaxError(Reporter.scala:33)
	at scala.meta.internal.tokenizers.LegacyScanner.fetchOther$1(LegacyScanner.scala:469)
	at scala.meta.internal.tokenizers.LegacyScanner.fetchToken(LegacyScanner.scala:474)
	at scala.meta.internal.tokenizers.LegacyScanner.nextToken(LegacyScanner.scala:211)
	at scala.meta.internal.tokenizers.LegacyScanner.foreach(LegacyScanner.scala:1011)
	at scala.meta.internal.tokenizers.ScalametaTokenizer.uncachedTokenize(ScalametaTokenizer.scala:24)
	at scala.meta.internal.tokenizers.ScalametaTokenizer.$anonfun$tokenize$1(ScalametaTokenizer.scala:17)
	at scala.collection.concurrent.TrieMap.getOrElseUpdate(TrieMap.scala:962)
	at scala.meta.internal.tokenizers.ScalametaTokenizer.tokenize(ScalametaTokenizer.scala:17)
	at scala.meta.internal.tokenizers.ScalametaTokenizer$$anon$2.apply(ScalametaTokenizer.scala:332)
	at scala.meta.tokenizers.Api$XtensionTokenizeDialectInput.tokenize(Api.scala:25)
	at scala.meta.tokenizers.Api$XtensionTokenizeInputLike.tokenize(Api.scala:14)
	at scala.meta.internal.metals.SemanticTokensProvider$.getTokens(SemanticTokensProvider.scala:28)
	at scala.meta.internal.metals.SemanticTokensProvider$.provide(SemanticTokensProvider.scala:89)
	at scala.meta.internal.metals.Compilers.$anonfun$semanticTokens$3(Compilers.scala:539)
	at scala.concurrent.impl.Promise$Transformation.run(Promise.scala:467)
	at java.util.concurrent.ThreadPoolExecutor.runWorker(ThreadPoolExecutor.java:1149)
	at java.util.concurrent.ThreadPoolExecutor$Worker.run(ThreadPoolExecutor.java:624)
	at java.lang.Thread.run(Thread.java:748)

2023.12.02 11:24:52 ERROR Failed to tokenize input for semantic tokens for /home/thelesso/dev/adventOfCode/day2/Main.scala
scala.meta.tokenizers.TokenizeException: <input>:22: error: illegal character '\u00b4'
      case ´´"blue" if(x(0).toInt <= maxBlue) => success = true 
           ^
	at scala.meta.internal.tokenizers.Reporter.syntaxError(Reporter.scala:23)
	at scala.meta.internal.tokenizers.Reporter.syntaxError$(Reporter.scala:23)
	at scala.meta.internal.tokenizers.Reporter$$anon$1.syntaxError(Reporter.scala:33)
	at scala.meta.internal.tokenizers.Reporter.syntaxError(Reporter.scala:25)
	at scala.meta.internal.tokenizers.Reporter.syntaxError$(Reporter.scala:25)
	at scala.meta.internal.tokenizers.Reporter$$anon$1.syntaxError(Reporter.scala:33)
	at scala.meta.internal.tokenizers.LegacyScanner.fetchOther$1(LegacyScanner.scala:469)
	at scala.meta.internal.tokenizers.LegacyScanner.fetchToken(LegacyScanner.scala:474)
	at scala.meta.internal.tokenizers.LegacyScanner.nextToken(LegacyScanner.scala:211)
	at scala.meta.internal.tokenizers.LegacyScanner.foreach(LegacyScanner.scala:1011)
	at scala.meta.internal.tokenizers.ScalametaTokenizer.uncachedTokenize(ScalametaTokenizer.scala:24)
	at scala.meta.internal.tokenizers.ScalametaTokenizer.$anonfun$tokenize$1(ScalametaTokenizer.scala:17)
	at scala.collection.concurrent.TrieMap.getOrElseUpdate(TrieMap.scala:962)
	at scala.meta.internal.tokenizers.ScalametaTokenizer.tokenize(ScalametaTokenizer.scala:17)
	at scala.meta.internal.tokenizers.ScalametaTokenizer$$anon$2.apply(ScalametaTokenizer.scala:332)
	at scala.meta.tokenizers.Api$XtensionTokenizeDialectInput.tokenize(Api.scala:25)
	at scala.meta.tokenizers.Api$XtensionTokenizeInputLike.tokenize(Api.scala:14)
	at scala.meta.internal.metals.SemanticTokensProvider$.getTokens(SemanticTokensProvider.scala:28)
	at scala.meta.internal.metals.SemanticTokensProvider$.provide(SemanticTokensProvider.scala:89)
	at scala.meta.internal.metals.Compilers.$anonfun$semanticTokens$3(Compilers.scala:539)
	at scala.concurrent.impl.Promise$Transformation.run(Promise.scala:467)
	at java.util.concurrent.ThreadPoolExecutor.runWorker(ThreadPoolExecutor.java:1149)
	at java.util.concurrent.ThreadPoolExecutor$Worker.run(ThreadPoolExecutor.java:624)
	at java.lang.Thread.run(Thread.java:748)

2023.12.02 11:24:54 ERROR Failed to tokenize input for semantic tokens for /home/thelesso/dev/adventOfCode/day2/Main.scala
scala.meta.tokenizers.TokenizeException: <input>:22: error: unclosed quoted identifier
      case `"blue" if(x(0).toInt <= maxBlue) => success = true 
           ^
	at scala.meta.internal.tokenizers.Reporter.syntaxError(Reporter.scala:23)
	at scala.meta.internal.tokenizers.Reporter.syntaxError$(Reporter.scala:23)
	at scala.meta.internal.tokenizers.Reporter$$anon$1.syntaxError(Reporter.scala:33)
	at scala.meta.internal.tokenizers.Reporter.syntaxError(Reporter.scala:25)
	at scala.meta.internal.tokenizers.Reporter.syntaxError$(Reporter.scala:25)
	at scala.meta.internal.tokenizers.Reporter$$anon$1.syntaxError(Reporter.scala:33)
	at scala.meta.internal.tokenizers.LegacyScanner.getBackquotedIdent(LegacyScanner.scala:489)
	at scala.meta.internal.tokenizers.LegacyScanner.fetchToken(LegacyScanner.scala:337)
	at scala.meta.internal.tokenizers.LegacyScanner.nextToken(LegacyScanner.scala:211)
	at scala.meta.internal.tokenizers.LegacyScanner.foreach(LegacyScanner.scala:1011)
	at scala.meta.internal.tokenizers.ScalametaTokenizer.uncachedTokenize(ScalametaTokenizer.scala:24)
	at scala.meta.internal.tokenizers.ScalametaTokenizer.$anonfun$tokenize$1(ScalametaTokenizer.scala:17)
	at scala.collection.concurrent.TrieMap.getOrElseUpdate(TrieMap.scala:962)
	at scala.meta.internal.tokenizers.ScalametaTokenizer.tokenize(ScalametaTokenizer.scala:17)
	at scala.meta.internal.tokenizers.ScalametaTokenizer$$anon$2.apply(ScalametaTokenizer.scala:332)
	at scala.meta.tokenizers.Api$XtensionTokenizeDialectInput.tokenize(Api.scala:25)
	at scala.meta.tokenizers.Api$XtensionTokenizeInputLike.tokenize(Api.scala:14)
	at scala.meta.internal.metals.SemanticTokensProvider$.getTokens(SemanticTokensProvider.scala:28)
	at scala.meta.internal.metals.SemanticTokensProvider$.provide(SemanticTokensProvider.scala:89)
	at scala.meta.internal.metals.Compilers.$anonfun$semanticTokens$3(Compilers.scala:539)
	at scala.concurrent.impl.Promise$Transformation.run(Promise.scala:467)
	at java.util.concurrent.ThreadPoolExecutor.runWorker(ThreadPoolExecutor.java:1149)
	at java.util.concurrent.ThreadPoolExecutor$Worker.run(ThreadPoolExecutor.java:624)
	at java.lang.Thread.run(Thread.java:748)

2023.12.02 11:25:01 INFO  compiling day2_bd2c96d2de (1 scala source)
2023.12.02 11:25:01 INFO  time: compiled day2_bd2c96d2de in 0.21s
2023.12.02 11:25:05 ERROR Failed to tokenize input for semantic tokens for /home/thelesso/dev/adventOfCode/day2/Main.scala
scala.meta.tokenizers.TokenizeException: <input>:22: error: unclosed quoted identifier
      case `"blue" if(x(0).toInt <= maxBlue) => success = true 
           ^
	at scala.meta.internal.tokenizers.Reporter.syntaxError(Reporter.scala:23)
	at scala.meta.internal.tokenizers.Reporter.syntaxError$(Reporter.scala:23)
	at scala.meta.internal.tokenizers.Reporter$$anon$1.syntaxError(Reporter.scala:33)
	at scala.meta.internal.tokenizers.Reporter.syntaxError(Reporter.scala:25)
	at scala.meta.internal.tokenizers.Reporter.syntaxError$(Reporter.scala:25)
	at scala.meta.internal.tokenizers.Reporter$$anon$1.syntaxError(Reporter.scala:33)
	at scala.meta.internal.tokenizers.LegacyScanner.getBackquotedIdent(LegacyScanner.scala:489)
	at scala.meta.internal.tokenizers.LegacyScanner.fetchToken(LegacyScanner.scala:337)
	at scala.meta.internal.tokenizers.LegacyScanner.nextToken(LegacyScanner.scala:211)
	at scala.meta.internal.tokenizers.LegacyScanner.foreach(LegacyScanner.scala:1011)
	at scala.meta.internal.tokenizers.ScalametaTokenizer.uncachedTokenize(ScalametaTokenizer.scala:24)
	at scala.meta.internal.tokenizers.ScalametaTokenizer.$anonfun$tokenize$1(ScalametaTokenizer.scala:17)
	at scala.collection.concurrent.TrieMap.getOrElseUpdate(TrieMap.scala:962)
	at scala.meta.internal.tokenizers.ScalametaTokenizer.tokenize(ScalametaTokenizer.scala:17)
	at scala.meta.internal.tokenizers.ScalametaTokenizer$$anon$2.apply(ScalametaTokenizer.scala:332)
	at scala.meta.tokenizers.Api$XtensionTokenizeDialectInput.tokenize(Api.scala:25)
	at scala.meta.tokenizers.Api$XtensionTokenizeInputLike.tokenize(Api.scala:14)
	at scala.meta.internal.metals.SemanticTokensProvider$.getTokens(SemanticTokensProvider.scala:28)
	at scala.meta.internal.metals.SemanticTokensProvider$.provide(SemanticTokensProvider.scala:89)
	at scala.meta.internal.metals.Compilers.$anonfun$semanticTokens$3(Compilers.scala:539)
	at scala.concurrent.impl.Promise$Transformation.run(Promise.scala:467)
	at java.util.concurrent.ThreadPoolExecutor.runWorker(ThreadPoolExecutor.java:1149)
	at java.util.concurrent.ThreadPoolExecutor$Worker.run(ThreadPoolExecutor.java:624)
	at java.lang.Thread.run(Thread.java:748)

2023.12.02 11:25:07 ERROR Failed to tokenize input for semantic tokens for /home/thelesso/dev/adventOfCode/day2/Main.scala
scala.meta.tokenizers.TokenizeException: <input>:22: error: unclosed string literal
      case `"blue`" if(x(0).toInt <= maxBlue) => success = true 
                  ^
	at scala.meta.internal.tokenizers.Reporter.syntaxError(Reporter.scala:23)
	at scala.meta.internal.tokenizers.Reporter.syntaxError$(Reporter.scala:23)
	at scala.meta.internal.tokenizers.Reporter$$anon$1.syntaxError(Reporter.scala:33)
	at scala.meta.internal.tokenizers.Reporter.syntaxError(Reporter.scala:25)
	at scala.meta.internal.tokenizers.Reporter.syntaxError$(Reporter.scala:25)
	at scala.meta.internal.tokenizers.Reporter$$anon$1.syntaxError(Reporter.scala:33)
	at scala.meta.internal.tokenizers.LegacyScanner.getStringLit(LegacyScanner.scala:553)
	at scala.meta.internal.tokenizers.LegacyScanner.fetchDoubleQuote$1(LegacyScanner.scala:372)
	at scala.meta.internal.tokenizers.LegacyScanner.fetchToken(LegacyScanner.scala:376)
	at scala.meta.internal.tokenizers.LegacyScanner.nextToken(LegacyScanner.scala:211)
	at scala.meta.internal.tokenizers.LegacyScanner.foreach(LegacyScanner.scala:1011)
	at scala.meta.internal.tokenizers.ScalametaTokenizer.uncachedTokenize(ScalametaTokenizer.scala:24)
	at scala.meta.internal.tokenizers.ScalametaTokenizer.$anonfun$tokenize$1(ScalametaTokenizer.scala:17)
	at scala.collection.concurrent.TrieMap.getOrElseUpdate(TrieMap.scala:962)
	at scala.meta.internal.tokenizers.ScalametaTokenizer.tokenize(ScalametaTokenizer.scala:17)
	at scala.meta.internal.tokenizers.ScalametaTokenizer$$anon$2.apply(ScalametaTokenizer.scala:332)
	at scala.meta.tokenizers.Api$XtensionTokenizeDialectInput.tokenize(Api.scala:25)
	at scala.meta.tokenizers.Api$XtensionTokenizeInputLike.tokenize(Api.scala:14)
	at scala.meta.internal.metals.SemanticTokensProvider$.getTokens(SemanticTokensProvider.scala:28)
	at scala.meta.internal.metals.SemanticTokensProvider$.provide(SemanticTokensProvider.scala:89)
	at scala.meta.internal.metals.Compilers.$anonfun$semanticTokens$3(Compilers.scala:539)
	at scala.concurrent.impl.Promise$Transformation.run(Promise.scala:467)
	at java.util.concurrent.ThreadPoolExecutor.runWorker(ThreadPoolExecutor.java:1149)
	at java.util.concurrent.ThreadPoolExecutor$Worker.run(ThreadPoolExecutor.java:624)
	at java.lang.Thread.run(Thread.java:748)

2023.12.02 11:25:08 ERROR Failed to tokenize input for semantic tokens for /home/thelesso/dev/adventOfCode/day2/Main.scala
scala.meta.tokenizers.TokenizeException: <input>:22: error: unclosed quoted identifier
      case `"`blue`" if(x(0).toInt <= maxBlue) => success = true 
                  ^
	at scala.meta.internal.tokenizers.Reporter.syntaxError(Reporter.scala:23)
	at scala.meta.internal.tokenizers.Reporter.syntaxError$(Reporter.scala:23)
	at scala.meta.internal.tokenizers.Reporter$$anon$1.syntaxError(Reporter.scala:33)
	at scala.meta.internal.tokenizers.Reporter.syntaxError(Reporter.scala:25)
	at scala.meta.internal.tokenizers.Reporter.syntaxError$(Reporter.scala:25)
	at scala.meta.internal.tokenizers.Reporter$$anon$1.syntaxError(Reporter.scala:33)
	at scala.meta.internal.tokenizers.LegacyScanner.getBackquotedIdent(LegacyScanner.scala:489)
	at scala.meta.internal.tokenizers.LegacyScanner.fetchToken(LegacyScanner.scala:337)
	at scala.meta.internal.tokenizers.LegacyScanner.nextToken(LegacyScanner.scala:211)
	at scala.meta.internal.tokenizers.LegacyScanner.foreach(LegacyScanner.scala:1011)
	at scala.meta.internal.tokenizers.ScalametaTokenizer.uncachedTokenize(ScalametaTokenizer.scala:24)
	at scala.meta.internal.tokenizers.ScalametaTokenizer.$anonfun$tokenize$1(ScalametaTokenizer.scala:17)
	at scala.collection.concurrent.TrieMap.getOrElseUpdate(TrieMap.scala:962)
	at scala.meta.internal.tokenizers.ScalametaTokenizer.tokenize(ScalametaTokenizer.scala:17)
	at scala.meta.internal.tokenizers.ScalametaTokenizer$$anon$2.apply(ScalametaTokenizer.scala:332)
	at scala.meta.tokenizers.Api$XtensionTokenizeDialectInput.tokenize(Api.scala:25)
	at scala.meta.tokenizers.Api$XtensionTokenizeInputLike.tokenize(Api.scala:14)
	at scala.meta.internal.metals.SemanticTokensProvider$.getTokens(SemanticTokensProvider.scala:28)
	at scala.meta.internal.metals.SemanticTokensProvider$.provide(SemanticTokensProvider.scala:89)
	at scala.meta.internal.metals.Compilers.$anonfun$semanticTokens$3(Compilers.scala:539)
	at scala.concurrent.impl.Promise$Transformation.run(Promise.scala:467)
	at java.util.concurrent.ThreadPoolExecutor.runWorker(ThreadPoolExecutor.java:1149)
	at java.util.concurrent.ThreadPoolExecutor$Worker.run(ThreadPoolExecutor.java:624)
	at java.lang.Thread.run(Thread.java:748)

2023.12.02 11:25:09 INFO  compiling day2_bd2c96d2de (1 scala source)
2023.12.02 11:25:09 INFO  time: compiled day2_bd2c96d2de in 0.28s
2023.12.02 11:25:18 INFO  compiling day2_bd2c96d2de (1 scala source)
2023.12.02 11:25:18 INFO  time: compiled day2_bd2c96d2de in 0.26s
2023.12.02 11:25:25 INFO  compiling day2_bd2c96d2de (1 scala source)
2023.12.02 11:25:25 INFO  time: compiled day2_bd2c96d2de in 0.26s
2023.12.02 11:25:34 INFO  compiling day2_bd2c96d2de (1 scala source)
2023.12.02 11:25:34 INFO  time: compiled day2_bd2c96d2de in 0.28s
2023.12.02 11:26:04 INFO  compiling day2_bd2c96d2de (1 scala source)
2023.12.02 11:26:04 INFO  time: compiled day2_bd2c96d2de in 0.25s
2023.12.02 11:26:20 INFO  compiling day2_bd2c96d2de (1 scala source)
2023.12.02 11:26:20 INFO  time: compiled day2_bd2c96d2de in 0.24s
2023.12.02 11:26:53 INFO  compiling day2_bd2c96d2de (1 scala source)
2023.12.02 11:26:53 INFO  time: compiled day2_bd2c96d2de in 0.31s
2023.12.02 11:27:10 WARN  Could not load snapshot text for /home/thelesso/dev/adventOfCode/day2/Main.scala
2023.12.02 11:27:10 INFO  compiling day2_bd2c96d2de (1 scala source)
2023.12.02 11:27:10 INFO  time: compiled day2_bd2c96d2de in 0.26s
2023.12.02 11:27:23 INFO  compiling day2_bd2c96d2de (1 scala source)
2023.12.02 11:27:23 INFO  time: compiled day2_bd2c96d2de in 0.27s
Dec 02, 2023 11:27:35 AM org.eclipse.lsp4j.jsonrpc.RemoteEndpoint handleCancellation
WARNING: Unmatched cancel notification for request id 3453
2023.12.02 11:27:36 INFO  compiling day2_bd2c96d2de (1 scala source)
2023.12.02 11:27:36 INFO  time: compiled day2_bd2c96d2de in 0.22s
2023.12.02 11:27:41 INFO  compiling day2_bd2c96d2de (1 scala source)
2023.12.02 11:27:41 INFO  time: compiled day2_bd2c96d2de in 0.23s
Dec 02, 2023 11:27:48 AM scala.meta.internal.pc.CompilerAccess handleError
SEVERE: A severe compiler error occurred, full details of the error can be found in the error report /home/thelesso/dev/adventOfCode/day2/.metals/.reports/metals-full/2023-12-02/r_compiler-error_(day2_bd2c96d2de)_11-27-48-365.md
2023.12.02 11:27:48 INFO  compiling day2_bd2c96d2de (1 scala source)
2023.12.02 11:27:48 INFO  time: compiled day2_bd2c96d2de in 0.23s
2023.12.02 11:28:00 INFO  compiling day2_bd2c96d2de (1 scala source)
2023.12.02 11:28:00 INFO  time: compiled day2_bd2c96d2de in 0.27s
2023.12.02 11:28:12 INFO  compiling day2_bd2c96d2de (1 scala source)
2023.12.02 11:28:12 INFO  time: compiled day2_bd2c96d2de in 0.34s
2023.12.02 11:29:40 INFO  compiling day2_bd2c96d2de (1 scala source)
2023.12.02 11:29:40 INFO  time: compiled day2_bd2c96d2de in 0.21s
2023.12.02 11:29:47 INFO  compiling day2_bd2c96d2de (1 scala source)
2023.12.02 11:29:47 INFO  time: compiled day2_bd2c96d2de in 0.29s
2023.12.02 11:29:50 WARN  Could not load snapshot text for /home/thelesso/dev/adventOfCode/day2/Main.scala
2023.12.02 11:29:50 INFO  compiling day2_bd2c96d2de (1 scala source)
2023.12.02 11:29:50 INFO  time: compiled day2_bd2c96d2de in 0.26s
Dec 02, 2023 11:30:02 AM org.eclipse.lsp4j.jsonrpc.RemoteEndpoint handleCancellation
WARNING: Unmatched cancel notification for request id 3656
2023.12.02 11:30:02 INFO  compiling day2_bd2c96d2de (1 scala source)
2023.12.02 11:30:02 INFO  Deduplicating compilation of day2_bd2c96d2de from bsp client 'scala-cli 1.0.4' (since 28m 44.653s)
2023.12.02 11:30:02 INFO  compiling day2_bd2c96d2de (1 scala source)
2023.12.02 11:30:02 INFO  time: compiled day2_bd2c96d2de in 98ms
2023.12.02 11:30:43 INFO  compiling day2_bd2c96d2de (1 scala source)
2023.12.02 11:30:43 INFO  time: compiled day2_bd2c96d2de in 0.32s
2023.12.02 11:30:45 INFO  compiling day2_bd2c96d2de (1 scala source)
2023.12.02 11:30:45 INFO  time: compiled day2_bd2c96d2de in 0.28s
2023.12.02 11:31:01 INFO  compiling day2_bd2c96d2de (1 scala source)
2023.12.02 11:31:01 INFO  time: compiled day2_bd2c96d2de in 0.25s
2023.12.02 11:31:14 INFO  compiling day2_bd2c96d2de (1 scala source)
2023.12.02 11:31:14 INFO  time: compiled day2_bd2c96d2de in 0.29s
2023.12.02 11:31:40 INFO  compiling day2_bd2c96d2de (1 scala source)
2023.12.02 11:31:40 INFO  time: compiled day2_bd2c96d2de in 0.19s
2023.12.02 11:31:43 INFO  compiling day2_bd2c96d2de (1 scala source)
2023.12.02 11:31:43 INFO  time: compiled day2_bd2c96d2de in 0.22s
Dec 02, 2023 11:31:57 AM scala.meta.internal.pc.CompilerAccess handleError
SEVERE: A severe compiler error occurred, full details of the error can be found in the error report /home/thelesso/dev/adventOfCode/day2/.metals/.reports/metals-full/2023-12-02/r_compiler-error_(day2_bd2c96d2de)_11-31-57-979.md
2023.12.02 11:32:04 INFO  compiling day2_bd2c96d2de (1 scala source)
2023.12.02 11:32:04 INFO  time: compiled day2_bd2c96d2de in 0.24s
2023.12.02 11:32:09 INFO  compiling day2_bd2c96d2de (1 scala source)
2023.12.02 11:32:09 INFO  time: compiled day2_bd2c96d2de in 0.23s
2023.12.02 11:32:13 INFO  compiling day2_bd2c96d2de (1 scala source)
2023.12.02 11:32:13 INFO  time: compiled day2_bd2c96d2de in 0.26s
2023.12.02 11:32:49 INFO  compiling day2_bd2c96d2de (1 scala source)
2023.12.02 11:32:49 INFO  time: compiled day2_bd2c96d2de in 0.34s
2023.12.02 11:32:55 INFO  compiling day2_bd2c96d2de (1 scala source)
2023.12.02 11:32:55 INFO  time: compiled day2_bd2c96d2de in 0.25s
2023.12.02 11:33:05 INFO  compiling day2_bd2c96d2de (1 scala source)
2023.12.02 11:33:05 INFO  time: compiled day2_bd2c96d2de in 0.26s
2023.12.02 11:33:12 WARN  Could not load snapshot text for /home/thelesso/dev/adventOfCode/day2/Main.scala
2023.12.02 11:33:12 INFO  compiling day2_bd2c96d2de (1 scala source)
2023.12.02 11:33:12 INFO  time: compiled day2_bd2c96d2de in 0.24s
2023.12.02 11:34:11 INFO  compiling day2_bd2c96d2de (1 scala source)
2023.12.02 11:34:11 INFO  time: compiled day2_bd2c96d2de in 0.28s
2023.12.02 11:34:15 INFO  compiling day2_bd2c96d2de (1 scala source)
2023.12.02 11:34:15 INFO  time: compiled day2_bd2c96d2de in 0.21s
2023.12.02 11:34:55 INFO  compiling day2_bd2c96d2de (1 scala source)
2023.12.02 11:34:55 INFO  time: compiled day2_bd2c96d2de in 0.34s
2023.12.02 11:34:58 WARN  Could not load snapshot text for /home/thelesso/dev/adventOfCode/day2/Main.scala
2023.12.02 11:34:58 INFO  compiling day2_bd2c96d2de (1 scala source)
2023.12.02 11:34:58 INFO  time: compiled day2_bd2c96d2de in 0.29s
2023.12.02 11:35:01 INFO  compiling day2_bd2c96d2de (1 scala source)
2023.12.02 11:35:01 INFO  time: compiled day2_bd2c96d2de in 0.26s
2023.12.02 11:35:18 INFO  compiling day2_bd2c96d2de (1 scala source)
2023.12.02 11:35:18 INFO  time: compiled day2_bd2c96d2de in 0.24s
2023.12.02 11:35:27 INFO  compiling day2_bd2c96d2de (1 scala source)
2023.12.02 11:35:27 INFO  time: compiled day2_bd2c96d2de in 0.32s
2023.12.02 11:35:49 INFO  compiling day2_bd2c96d2de (1 scala source)
2023.12.02 11:35:49 INFO  time: compiled day2_bd2c96d2de in 0.24s
2023.12.02 11:35:59 INFO  compiling day2_bd2c96d2de (1 scala source)
2023.12.02 11:35:59 INFO  time: compiled day2_bd2c96d2de in 0.22s
2023.12.02 11:36:12 INFO  compiling day2_bd2c96d2de (1 scala source)
2023.12.02 11:36:12 INFO  time: compiled day2_bd2c96d2de in 0.5s
2023.12.02 11:36:24 INFO  compiling day2_bd2c96d2de (1 scala source)
2023.12.02 11:36:24 INFO  time: compiled day2_bd2c96d2de in 0.25s
2023.12.02 11:36:36 WARN  Could not load snapshot text for /home/thelesso/dev/adventOfCode/day2/Main.scala
2023.12.02 11:36:36 INFO  compiling day2_bd2c96d2de (1 scala source)
2023.12.02 11:36:36 INFO  time: compiled day2_bd2c96d2de in 0.24s
2023.12.02 11:36:39 INFO  compiling day2_bd2c96d2de (1 scala source)
2023.12.02 11:36:39 INFO  time: compiled day2_bd2c96d2de in 0.15s
2023.12.02 11:36:42 INFO  compiling day2_bd2c96d2de (1 scala source)
2023.12.02 11:36:42 INFO  time: compiled day2_bd2c96d2de in 0.27s
2023.12.02 11:36:50 INFO  compiling day2_bd2c96d2de (1 scala source)
2023.12.02 11:36:50 INFO  time: compiled day2_bd2c96d2de in 0.23s
Dec 02, 2023 11:37:18 AM org.eclipse.lsp4j.jsonrpc.RemoteEndpoint handleCancellation
WARNING: Unmatched cancel notification for request id 4481
2023.12.02 11:37:27 INFO  compiling day2_bd2c96d2de (1 scala source)
2023.12.02 11:37:27 INFO  time: compiled day2_bd2c96d2de in 0.43s
2023.12.02 11:37:27 WARN  Could not load snapshot text for /home/thelesso/dev/adventOfCode/day2/Main.scala
2023.12.02 11:37:29 WARN  Could not load snapshot text for /home/thelesso/dev/adventOfCode/day2/Main.scala
2023.12.02 11:37:32 WARN  Could not load snapshot text for /home/thelesso/dev/adventOfCode/day2/Main.scala
2023.12.02 11:37:33 WARN  Could not load snapshot text for /home/thelesso/dev/adventOfCode/day2/Main.scala
2023.12.02 11:37:33 WARN  Could not load snapshot text for /home/thelesso/dev/adventOfCode/day2/Main.scala
2023.12.02 11:37:34 INFO  compiling day2_bd2c96d2de (1 scala source)
2023.12.02 11:37:34 INFO  time: compiled day2_bd2c96d2de in 0.32s
2023.12.02 11:37:35 WARN  Could not load snapshot text for /home/thelesso/dev/adventOfCode/day2/Main.scala
2023.12.02 11:37:35 WARN  Could not load snapshot text for /home/thelesso/dev/adventOfCode/day2/Main.scala
2023.12.02 11:37:37 WARN  Could not load snapshot text for /home/thelesso/dev/adventOfCode/day2/Main.scala
2023.12.02 11:37:37 INFO  compiling day2_bd2c96d2de (1 scala source)
2023.12.02 11:37:37 INFO  time: compiled day2_bd2c96d2de in 0.23s
2023.12.02 11:39:54 INFO  compiling day2_bd2c96d2de (1 scala source)
2023.12.02 11:39:54 INFO  time: compiled day2_bd2c96d2de in 0.32s
2023.12.02 11:40:04 INFO  compiling day2_bd2c96d2de (1 scala source)
2023.12.02 11:40:04 INFO  time: compiled day2_bd2c96d2de in 0.21s
2023.12.02 11:40:12 INFO  compiling day2_bd2c96d2de (1 scala source)
2023.12.02 11:40:12 INFO  time: compiled day2_bd2c96d2de in 0.24s
2023.12.02 11:40:22 INFO  compiling day2_bd2c96d2de (1 scala source)
2023.12.02 11:40:22 INFO  time: compiled day2_bd2c96d2de in 0.14s
Dec 02, 2023 11:40:29 AM scala.meta.internal.pc.CompilerAccess handleError
SEVERE: A severe compiler error occurred, full details of the error can be found in the error report /home/thelesso/dev/adventOfCode/day2/.metals/.reports/metals-full/2023-12-02/r_compiler-error_(day2_bd2c96d2de)_11-40-29-438.md
2023.12.02 11:40:30 INFO  compiling day2_bd2c96d2de (1 scala source)
2023.12.02 11:40:30 INFO  time: compiled day2_bd2c96d2de in 0.23s
2023.12.02 11:41:11 INFO  compiling day2_bd2c96d2de (1 scala source)
2023.12.02 11:41:11 INFO  time: compiled day2_bd2c96d2de in 0.3s
2023.12.02 11:41:18 INFO  compiling day2_bd2c96d2de (1 scala source)
2023.12.02 11:41:18 INFO  time: compiled day2_bd2c96d2de in 0.25s
2023.12.02 11:41:23 INFO  compiling day2_bd2c96d2de (1 scala source)
2023.12.02 11:41:23 INFO  time: compiled day2_bd2c96d2de in 0.23s
2023.12.02 11:41:33 INFO  compiling day2_bd2c96d2de (1 scala source)
2023.12.02 11:41:33 INFO  time: compiled day2_bd2c96d2de in 0.37s
2023.12.02 11:41:40 INFO  compiling day2_bd2c96d2de (1 scala source)
2023.12.02 11:41:40 INFO  time: compiled day2_bd2c96d2de in 0.14s
2023.12.02 11:41:45 INFO  compiling day2_bd2c96d2de (1 scala source)
2023.12.02 11:41:45 INFO  time: compiled day2_bd2c96d2de in 0.12s
2023.12.02 11:42:01 INFO  compiling day2_bd2c96d2de (1 scala source)
2023.12.02 11:42:01 INFO  time: compiled day2_bd2c96d2de in 0.15s
Dec 02, 2023 11:42:04 AM org.eclipse.lsp4j.jsonrpc.RemoteEndpoint handleCancellation
WARNING: Unmatched cancel notification for request id 5246
2023.12.02 11:42:09 INFO  compiling day2_bd2c96d2de (1 scala source)
2023.12.02 11:42:09 INFO  time: compiled day2_bd2c96d2de in 0.3s
2023.12.02 11:42:21 INFO  compiling day2_bd2c96d2de (1 scala source)
2023.12.02 11:42:21 INFO  time: compiled day2_bd2c96d2de in 0.27s
2023.12.02 11:42:27 INFO  compiling day2_bd2c96d2de (1 scala source)
2023.12.02 11:42:27 INFO  time: compiled day2_bd2c96d2de in 0.22s
2023.12.02 11:42:39 WARN  Could not load snapshot text for /home/thelesso/dev/adventOfCode/day2/Main.scala
2023.12.02 11:42:39 WARN  Could not load snapshot text for /home/thelesso/dev/adventOfCode/day2/Main.scala
2023.12.02 11:42:39 INFO  compiling day2_bd2c96d2de (1 scala source)
2023.12.02 11:42:39 INFO  time: compiled day2_bd2c96d2de in 0.24s
2023.12.02 11:42:47 INFO  compiling day2_bd2c96d2de (1 scala source)
2023.12.02 11:42:47 INFO  time: compiled day2_bd2c96d2de in 0.22s
2023.12.02 11:43:11 INFO  compiling day2_bd2c96d2de (1 scala source)
2023.12.02 11:43:11 INFO  time: compiled day2_bd2c96d2de in 0.23s
2023.12.02 11:43:33 INFO  compiling day2_bd2c96d2de (1 scala source)
2023.12.02 11:43:33 INFO  time: compiled day2_bd2c96d2de in 0.22s
2023.12.02 11:43:40 INFO  compiling day2_bd2c96d2de (1 scala source)
2023.12.02 11:43:40 INFO  time: compiled day2_bd2c96d2de in 0.14s
Dec 02, 2023 11:43:40 AM scala.meta.internal.pc.CompilerAccess handleError
SEVERE: A severe compiler error occurred, full details of the error can be found in the error report /home/thelesso/dev/adventOfCode/day2/.metals/.reports/metals-full/2023-12-02/r_compiler-error_(day2_bd2c96d2de)_11-43-40-897.md
2023.12.02 11:43:41 INFO  compiling day2_bd2c96d2de (1 scala source)
2023.12.02 11:43:41 INFO  time: compiled day2_bd2c96d2de in 0.25s
Dec 02, 2023 11:43:49 AM scala.meta.internal.pc.CompilerAccess handleError
SEVERE: A severe compiler error occurred, full details of the error can be found in the error report /home/thelesso/dev/adventOfCode/day2/.metals/.reports/metals-full/2023-12-02/r_compiler-error_(day2_bd2c96d2de)_11-43-49-605.md
2023.12.02 11:43:53 INFO  compiling day2_bd2c96d2de (1 scala source)
2023.12.02 11:43:53 INFO  time: compiled day2_bd2c96d2de in 0.23s
2023.12.02 11:44:24 INFO  compiling day2_bd2c96d2de (1 scala source)
2023.12.02 11:44:24 INFO  time: compiled day2_bd2c96d2de in 0.27s
2023.12.02 11:44:33 INFO  compiling day2_bd2c96d2de (1 scala source)
2023.12.02 11:44:33 INFO  time: compiled day2_bd2c96d2de in 0.22s
Dec 02, 2023 11:44:46 AM org.eclipse.lsp4j.jsonrpc.RemoteEndpoint handleCancellation
WARNING: Unmatched cancel notification for request id 5637
Dec 02, 2023 11:44:50 AM scala.meta.internal.pc.CompilerAccess handleError
SEVERE: A severe compiler error occurred, full details of the error can be found in the error report /home/thelesso/dev/adventOfCode/day2/.metals/.reports/metals-full/2023-12-02/r_compiler-error_(day2_bd2c96d2de)_11-44-50-630.md
2023.12.02 11:44:56 INFO  compiling day2_bd2c96d2de (1 scala source)
2023.12.02 11:44:56 INFO  time: compiled day2_bd2c96d2de in 0.23s
2023.12.02 11:45:18 INFO  compiling day2_bd2c96d2de (1 scala source)
2023.12.02 11:45:18 INFO  time: compiled day2_bd2c96d2de in 0.17s
2023.12.02 11:46:04 INFO  compiling day2_bd2c96d2de (1 scala source)
2023.12.02 11:46:04 INFO  time: compiled day2_bd2c96d2de in 0.28s
2023.12.02 11:46:11 INFO  compiling day2_bd2c96d2de (1 scala source)
2023.12.02 11:46:11 INFO  time: compiled day2_bd2c96d2de in 0.22s
Dec 02, 2023 11:46:28 AM org.eclipse.lsp4j.jsonrpc.RemoteEndpoint handleNotification
WARNING: Notification threw an exception: {
  "jsonrpc": "2.0",
  "method": "textDocument/didClose",
  "params": {
    "textDocument": {
      "uri": "jar:file%3A///home/thelesso/.cache/coursier/arc/https/github.com/AdoptOpenJDK/openjdk8-binaries/releases/download/jdk8u292-b10/OpenJDK8U-jdk_x64_linux_hotspot_8u292b10.tar.gz/jdk8u292-b10/src.zip%21/java/lang/String.java"
    }
  }
}
java.lang.RuntimeException: java.lang.reflect.InvocationTargetException
	at org.eclipse.lsp4j.jsonrpc.services.GenericEndpoint.lambda$null$0(GenericEndpoint.java:67)
	at org.eclipse.lsp4j.jsonrpc.services.GenericEndpoint.notify(GenericEndpoint.java:152)
	at org.eclipse.lsp4j.jsonrpc.RemoteEndpoint.handleNotification(RemoteEndpoint.java:220)
	at org.eclipse.lsp4j.jsonrpc.RemoteEndpoint.consume(RemoteEndpoint.java:187)
	at org.eclipse.lsp4j.jsonrpc.json.StreamMessageProducer.handleMessage(StreamMessageProducer.java:194)
	at org.eclipse.lsp4j.jsonrpc.json.StreamMessageProducer.listen(StreamMessageProducer.java:94)
	at org.eclipse.lsp4j.jsonrpc.json.ConcurrentMessageProcessor.run(ConcurrentMessageProcessor.java:113)
	at java.util.concurrent.Executors$RunnableAdapter.call(Executors.java:511)
	at java.util.concurrent.FutureTask.run(FutureTask.java:266)
	at java.util.concurrent.ThreadPoolExecutor.runWorker(ThreadPoolExecutor.java:1149)
	at java.util.concurrent.ThreadPoolExecutor$Worker.run(ThreadPoolExecutor.java:624)
	at java.lang.Thread.run(Thread.java:748)
Caused by: java.lang.reflect.InvocationTargetException
	at sun.reflect.GeneratedMethodAccessor23.invoke(Unknown Source)
	at sun.reflect.DelegatingMethodAccessorImpl.invoke(DelegatingMethodAccessorImpl.java:43)
	at java.lang.reflect.Method.invoke(Method.java:498)
	at org.eclipse.lsp4j.jsonrpc.services.GenericEndpoint.lambda$null$0(GenericEndpoint.java:65)
	... 11 more
Caused by: java.lang.NoClassDefFoundError: com/sun/source/tree/Tree
	at scala.meta.internal.pc.JavaPresentationCompiler.<init>(JavaPresentationCompiler.scala:47)
	at scala.meta.internal.metals.Compilers.loadJavaCompilerForTarget(Compilers.scala:953)
	at scala.meta.internal.metals.Compilers.$anonfun$loadJavaCompiler$1(Compilers.scala:922)
	at scala.Option.flatMap(Option.scala:283)
	at scala.meta.internal.metals.Compilers.loadJavaCompiler(Compilers.scala:921)
	at scala.meta.internal.metals.Compilers.fromBuildTarget$1(Compilers.scala:802)
	at scala.meta.internal.metals.Compilers.loadCompiler(Compilers.scala:810)
	at scala.meta.internal.metals.Compilers.didClose(Compilers.scala:216)
	at scala.meta.internal.metals.MetalsLspService.didClose(MetalsLspService.scala:1163)
	at scala.meta.internal.metals.WorkspaceLspService.didClose(WorkspaceLspService.scala:343)
	at scala.meta.metals.lsp.DelegatingScalaService.didClose(DelegatingScalaService.scala:53)
	... 15 more
Caused by: java.lang.ClassNotFoundException: com.sun.source.tree.Tree
	at java.net.URLClassLoader.findClass(URLClassLoader.java:382)
	at java.lang.ClassLoader.loadClass(ClassLoader.java:418)
	at sun.misc.Launcher$AppClassLoader.loadClass(Launcher.java:352)
	at java.lang.ClassLoader.loadClass(ClassLoader.java:351)
	... 26 more

2023.12.02 11:46:28 INFO  compiling day2_bd2c96d2de (1 scala source)
2023.12.02 11:46:28 ERROR Can't run javac on /tmp/metals-javac-semanticdb2729580036415486972/source/String.java with options: [-cp
/home/thelesso/.cache/coursier/v1/https/repo1.maven.org/maven2/com/sourcegraph/semanticdb-javac/0.9.6/semanticdb-javac-0.9.6.jar:/home/thelesso/.cache/coursier/v1/https/repo1.maven.org/maven2/org/scala-lang/scala3-library_3/3.3.0/scala3-library_3-3.3.0.jar:/home/thelesso/.cache/coursier/v1/https/repo1.maven.org/maven2/org/scala-lang/scala-library/2.13.10/scala-library-2.13.10.jar:/home/thelesso/.cache/coursier/v1/https/repo1.maven.org/maven2/com/sourcegraph/semanticdb-javac/0.7.4/semanticdb-javac-0.7.4.jar
-d
/tmp/metals-javac-semanticdb2729580036415486972/target
-Xplugin:semanticdb -sourceroot:/tmp/metals-javac-semanticdb2729580036415486972/source -targetroot:/tmp/metals-javac-semanticdb2729580036415486972/target]
java.lang.NoClassDefFoundError: com/sun/source/util/JavacTask
	at scala.meta.internal.pc.JavaMetalsGlobal$.compilationTask(JavaMetalsGlobal.scala:69)
	at scala.meta.internal.metals.JavaInteractiveSemanticdb.textDocument(JavaInteractiveSemanticdb.scala:78)
	at scala.meta.internal.metals.InteractiveSemanticdbs.$anonfun$compile$2(InteractiveSemanticdbs.scala:173)
	at scala.Option.fold(Option.scala:263)
	at scala.meta.internal.metals.InteractiveSemanticdbs.compile(InteractiveSemanticdbs.scala:173)
	at scala.meta.internal.metals.InteractiveSemanticdbs.$anonfun$textDocument$4(InteractiveSemanticdbs.scala:98)
	at scala.util.Try$.apply(Try.scala:210)
	at scala.meta.internal.metals.InteractiveSemanticdbs.$anonfun$textDocument$1(InteractiveSemanticdbs.scala:98)
	at java.util.HashMap.compute(HashMap.java:1197)
	at java.util.Collections$SynchronizedMap.compute(Collections.java:2684)
	at scala.meta.internal.metals.InteractiveSemanticdbs.textDocument(InteractiveSemanticdbs.scala:89)
	at scala.meta.internal.metals.InteractiveSemanticdbs.textDocument(InteractiveSemanticdbs.scala:63)
	at scala.meta.internal.metals.MetalsLspService.$anonfun$didOpen$3(MetalsLspService.scala:1042)
	at scala.concurrent.impl.Promise$Transformation.run(Promise.scala:467)
	at java.util.concurrent.ThreadPoolExecutor.runWorker(ThreadPoolExecutor.java:1149)
	at java.util.concurrent.ThreadPoolExecutor$Worker.run(ThreadPoolExecutor.java:624)
	at java.lang.Thread.run(Thread.java:748)
Caused by: java.lang.ClassNotFoundException: com.sun.source.util.JavacTask
	at java.net.URLClassLoader.findClass(URLClassLoader.java:382)
	at java.lang.ClassLoader.loadClass(ClassLoader.java:418)
	at sun.misc.Launcher$AppClassLoader.loadClass(Launcher.java:352)
	at java.lang.ClassLoader.loadClass(ClassLoader.java:351)
	at scala.meta.internal.pc.JavaMetalsGlobal$.compilationTask(JavaMetalsGlobal.scala:69)
	at scala.meta.internal.metals.JavaInteractiveSemanticdb.textDocument(JavaInteractiveSemanticdb.scala:78)
	at scala.meta.internal.metals.InteractiveSemanticdbs.$anonfun$compile$2(InteractiveSemanticdbs.scala:173)
	at scala.Option.fold(Option.scala:263)
	at scala.meta.internal.metals.InteractiveSemanticdbs.compile(InteractiveSemanticdbs.scala:173)
	at scala.meta.internal.metals.InteractiveSemanticdbs.$anonfun$textDocument$4(InteractiveSemanticdbs.scala:98)
	at scala.util.Try$.apply(Try.scala:210)
	at scala.meta.internal.metals.InteractiveSemanticdbs.$anonfun$textDocument$1(InteractiveSemanticdbs.scala:98)
	at java.util.HashMap.compute(HashMap.java:1197)
	at java.util.Collections$SynchronizedMap.compute(Collections.java:2684)
	at scala.meta.internal.metals.InteractiveSemanticdbs.textDocument(InteractiveSemanticdbs.scala:89)
	at scala.meta.internal.metals.InteractiveSemanticdbs.textDocument(InteractiveSemanticdbs.scala:63)
	at scala.meta.internal.metals.MetalsLspService.$anonfun$didOpen$3(MetalsLspService.scala:1042)
	at scala.concurrent.impl.Promise$Transformation.run(Promise.scala:467)
	at java.util.concurrent.ThreadPoolExecutor.runWorker(ThreadPoolExecutor.java:1149)
	at java.util.concurrent.ThreadPoolExecutor$Worker.run(ThreadPoolExecutor.java:624)
	at java.lang.Thread.run(Thread.java:748)

2023.12.02 11:46:28 WARN  Running javac-semanticdb failed for jar:file:///home/thelesso/.cache/coursier/arc/https/github.com/AdoptOpenJDK/openjdk8-binaries/releases/download/jdk8u292-b10/OpenJDK8U-jdk_x64_linux_hotspot_8u292b10.tar.gz/jdk8u292-b10/src.zip!/java/lang/String.java. Output:

2023.12.02 11:46:28 INFO  time: compiled day2_bd2c96d2de in 0.26s
2023.12.02 11:47:10 INFO  compiling day2_bd2c96d2de (1 scala source)
2023.12.02 11:47:10 INFO  time: compiled day2_bd2c96d2de in 0.31s
2023.12.02 11:48:32 INFO  compiling day2_bd2c96d2de (1 scala source)
2023.12.02 11:48:32 INFO  Deduplicating compilation of day2_bd2c96d2de from bsp client 'scala-cli 1.0.4' (since 47m 14.431s)
2023.12.02 11:48:32 INFO  compiling day2_bd2c96d2de (1 scala source)
2023.12.02 11:48:32 INFO  time: compiled day2_bd2c96d2de in 0.21s
2023.12.02 11:48:38 INFO  compiling day2_bd2c96d2de (1 scala source)
2023.12.02 11:48:38 INFO  time: compiled day2_bd2c96d2de in 0.31s
2023.12.02 11:48:40 INFO  compiling day2_bd2c96d2de (1 scala source)
2023.12.02 11:48:40 INFO  time: compiled day2_bd2c96d2de in 0.23s
2023.12.02 11:48:48 INFO  compiling day2_bd2c96d2de (1 scala source)
2023.12.02 11:48:48 INFO  time: compiled day2_bd2c96d2de in 0.23s
2023.12.02 11:48:59 INFO  compiling day2_bd2c96d2de (1 scala source)
2023.12.02 11:48:59 INFO  time: compiled day2_bd2c96d2de in 0.21s
2023.12.02 11:49:01 INFO  compiling day2_bd2c96d2de (1 scala source)
2023.12.02 11:49:01 INFO  time: compiled day2_bd2c96d2de in 0.16s
2023.12.02 11:49:10 INFO  compiling day2_bd2c96d2de (1 scala source)
2023.12.02 11:49:10 INFO  time: compiled day2_bd2c96d2de in 0.13s
2023.12.02 11:49:13 INFO  compiling day2_bd2c96d2de (1 scala source)
2023.12.02 11:49:13 INFO  time: compiled day2_bd2c96d2de in 0.15s
2023.12.02 11:49:25 INFO  compiling day2_bd2c96d2de (1 scala source)
2023.12.02 11:49:25 INFO  time: compiled day2_bd2c96d2de in 0.13s
2023.12.02 11:49:51 INFO  compiling day2_bd2c96d2de (1 scala source)
2023.12.02 11:49:51 INFO  time: compiled day2_bd2c96d2de in 0.14s
Dec 02, 2023 11:49:53 AM org.eclipse.lsp4j.jsonrpc.RemoteEndpoint handleCancellation
WARNING: Unmatched cancel notification for request id 6251
2023.12.02 11:50:04 INFO  compiling day2_bd2c96d2de (1 scala source)
2023.12.02 11:50:04 INFO  time: compiled day2_bd2c96d2de in 0.15s
2023.12.02 11:50:07 INFO  compiling day2_bd2c96d2de (1 scala source)
2023.12.02 11:50:07 INFO  time: compiled day2_bd2c96d2de in 0.15s
2023.12.02 11:50:17 INFO  compiling day2_bd2c96d2de (1 scala source)
2023.12.02 11:50:17 INFO  time: compiled day2_bd2c96d2de in 0.22s
2023.12.02 11:50:29 INFO  compiling day2_bd2c96d2de (1 scala source)
2023.12.02 11:50:29 INFO  time: compiled day2_bd2c96d2de in 0.28s
2023.12.02 11:50:36 WARN  Could not load snapshot text for /home/thelesso/dev/adventOfCode/day2/Main.scala
2023.12.02 11:50:36 INFO  compiling day2_bd2c96d2de (1 scala source)
2023.12.02 11:50:36 INFO  time: compiled day2_bd2c96d2de in 0.24s
Dec 02, 2023 11:51:05 AM org.eclipse.lsp4j.jsonrpc.RemoteEndpoint handleCancellation
WARNING: Unmatched cancel notification for request id 6449
2023.12.02 11:51:16 INFO  compiling day2_bd2c96d2de (1 scala source)
2023.12.02 11:51:16 INFO  time: compiled day2_bd2c96d2de in 0.29s
2023.12.02 11:51:18 WARN  Could not load snapshot text for /home/thelesso/dev/adventOfCode/day2/Main.scala
2023.12.02 11:51:18 INFO  compiling day2_bd2c96d2de (1 scala source)
2023.12.02 11:51:18 INFO  time: compiled day2_bd2c96d2de in 0.24s
2023.12.02 11:51:37 INFO  compiling day2_bd2c96d2de (1 scala source)
2023.12.02 11:51:37 INFO  time: compiled day2_bd2c96d2de in 0.23s
2023.12.02 11:51:54 INFO  compiling day2_bd2c96d2de (1 scala source)
2023.12.02 11:51:54 INFO  time: compiled day2_bd2c96d2de in 0.25s
Dec 02, 2023 11:52:20 AM org.eclipse.lsp4j.jsonrpc.RemoteEndpoint handleCancellation
WARNING: Unmatched cancel notification for request id 6595
2023.12.02 11:52:23 INFO  compiling day2_bd2c96d2de (1 scala source)
2023.12.02 11:52:23 INFO  time: compiled day2_bd2c96d2de in 0.24s
2023.12.02 11:52:28 INFO  compiling day2_bd2c96d2de (1 scala source)
2023.12.02 11:52:28 INFO  time: compiled day2_bd2c96d2de in 0.24s
Dec 02, 2023 11:52:44 AM org.eclipse.lsp4j.jsonrpc.RemoteEndpoint handleCancellation
WARNING: Unmatched cancel notification for request id 6650
2023.12.02 11:52:46 INFO  compiling day2_bd2c96d2de (1 scala source)
2023.12.02 11:52:46 INFO  time: compiled day2_bd2c96d2de in 0.29s
2023.12.02 11:52:51 INFO  compiling day2_bd2c96d2de (1 scala source)
2023.12.02 11:52:51 INFO  Deduplicating compilation of day2_bd2c96d2de from bsp client 'scala-cli 1.0.4' (since 51m 33.602s)
2023.12.02 11:52:51 INFO  compiling day2_bd2c96d2de (1 scala source)
2023.12.02 11:52:51 INFO  time: compiled day2_bd2c96d2de in 78ms
2023.12.02 11:53:21 INFO  compiling day2_bd2c96d2de (1 scala source)
2023.12.02 11:53:21 INFO  time: compiled day2_bd2c96d2de in 0.16s
2023.12.02 11:53:26 INFO  compiling day2_bd2c96d2de (1 scala source)
2023.12.02 11:53:26 INFO  time: compiled day2_bd2c96d2de in 0.16s
Dec 02, 2023 11:53:31 AM org.eclipse.lsp4j.jsonrpc.RemoteEndpoint handleNotification
WARNING: Notification threw an exception: {
  "jsonrpc": "2.0",
  "method": "textDocument/didClose",
  "params": {
    "textDocument": {
      "uri": "jar:file%3A///home/thelesso/.cache/coursier/arc/https/github.com/AdoptOpenJDK/openjdk8-binaries/releases/download/jdk8u292-b10/OpenJDK8U-jdk_x64_linux_hotspot_8u292b10.tar.gz/jdk8u292-b10/src.zip%21/java/lang/String.java"
    }
  }
}
java.lang.RuntimeException: java.lang.reflect.InvocationTargetException
	at org.eclipse.lsp4j.jsonrpc.services.GenericEndpoint.lambda$null$0(GenericEndpoint.java:67)
	at org.eclipse.lsp4j.jsonrpc.services.GenericEndpoint.notify(GenericEndpoint.java:152)
	at org.eclipse.lsp4j.jsonrpc.RemoteEndpoint.handleNotification(RemoteEndpoint.java:220)
	at org.eclipse.lsp4j.jsonrpc.RemoteEndpoint.consume(RemoteEndpoint.java:187)
	at org.eclipse.lsp4j.jsonrpc.json.StreamMessageProducer.handleMessage(StreamMessageProducer.java:194)
	at org.eclipse.lsp4j.jsonrpc.json.StreamMessageProducer.listen(StreamMessageProducer.java:94)
	at org.eclipse.lsp4j.jsonrpc.json.ConcurrentMessageProcessor.run(ConcurrentMessageProcessor.java:113)
	at java.util.concurrent.Executors$RunnableAdapter.call(Executors.java:511)
	at java.util.concurrent.FutureTask.run(FutureTask.java:266)
	at java.util.concurrent.ThreadPoolExecutor.runWorker(ThreadPoolExecutor.java:1149)
	at java.util.concurrent.ThreadPoolExecutor$Worker.run(ThreadPoolExecutor.java:624)
	at java.lang.Thread.run(Thread.java:748)
Caused by: java.lang.reflect.InvocationTargetException
	at sun.reflect.GeneratedMethodAccessor23.invoke(Unknown Source)
	at sun.reflect.DelegatingMethodAccessorImpl.invoke(DelegatingMethodAccessorImpl.java:43)
	at java.lang.reflect.Method.invoke(Method.java:498)
	at org.eclipse.lsp4j.jsonrpc.services.GenericEndpoint.lambda$null$0(GenericEndpoint.java:65)
	... 11 more
Caused by: java.lang.NoClassDefFoundError: com/sun/source/tree/Tree
	at scala.meta.internal.pc.JavaPresentationCompiler.<init>(JavaPresentationCompiler.scala:47)
	at scala.meta.internal.metals.Compilers.loadJavaCompilerForTarget(Compilers.scala:953)
	at scala.meta.internal.metals.Compilers.$anonfun$loadJavaCompiler$1(Compilers.scala:922)
	at scala.Option.flatMap(Option.scala:283)
	at scala.meta.internal.metals.Compilers.loadJavaCompiler(Compilers.scala:921)
	at scala.meta.internal.metals.Compilers.fromBuildTarget$1(Compilers.scala:802)
	at scala.meta.internal.metals.Compilers.loadCompiler(Compilers.scala:810)
	at scala.meta.internal.metals.Compilers.didClose(Compilers.scala:216)
	at scala.meta.internal.metals.MetalsLspService.didClose(MetalsLspService.scala:1163)
	at scala.meta.internal.metals.WorkspaceLspService.didClose(WorkspaceLspService.scala:343)
	at scala.meta.metals.lsp.DelegatingScalaService.didClose(DelegatingScalaService.scala:53)
	... 15 more
Caused by: java.lang.ClassNotFoundException: com.sun.source.tree.Tree
	at java.net.URLClassLoader.findClass(URLClassLoader.java:382)
	at java.lang.ClassLoader.loadClass(ClassLoader.java:418)
	at sun.misc.Launcher$AppClassLoader.loadClass(Launcher.java:352)
	at java.lang.ClassLoader.loadClass(ClassLoader.java:351)
	... 26 more

2023.12.02 11:53:33 INFO  compiling day2_bd2c96d2de (1 scala source)
2023.12.02 11:53:33 INFO  time: compiled day2_bd2c96d2de in 0.24s
2023.12.02 11:53:35 INFO  compiling day2_bd2c96d2de (1 scala source)
2023.12.02 11:53:35 INFO  time: compiled day2_bd2c96d2de in 0.32s
2023.12.02 11:53:55 INFO  compiling day2_bd2c96d2de (1 scala source)
2023.12.02 11:53:55 INFO  time: compiled day2_bd2c96d2de in 0.21s
2023.12.02 11:53:58 INFO  compiling day2_bd2c96d2de (1 scala source)
2023.12.02 11:53:58 INFO  time: compiled day2_bd2c96d2de in 0.26s
2023.12.02 11:54:06 INFO  compiling day2_bd2c96d2de (1 scala source)
2023.12.02 11:54:06 INFO  time: compiled day2_bd2c96d2de in 0.25s
2023.12.02 11:54:36 INFO  compiling day2_bd2c96d2de (1 scala source)
2023.12.02 11:54:36 INFO  time: compiled day2_bd2c96d2de in 0.23s
2023.12.02 11:54:45 WARN  Could not load snapshot text for /home/thelesso/dev/adventOfCode/day2/Main.scala
2023.12.02 11:54:45 INFO  compiling day2_bd2c96d2de (1 scala source)
2023.12.02 11:54:45 INFO  time: compiled day2_bd2c96d2de in 0.31s
2023.12.02 11:54:49 INFO  compiling day2_bd2c96d2de (1 scala source)
2023.12.02 11:54:49 INFO  time: compiled day2_bd2c96d2de in 0.24s
Dec 02, 2023 11:55:26 AM scala.meta.internal.pc.CompilerAccess handleError
SEVERE: A severe compiler error occurred, full details of the error can be found in the error report /home/thelesso/dev/adventOfCode/day2/.metals/.reports/metals-full/2023-12-02/r_compiler-error_(day2_bd2c96d2de)_11-55-26-385.md
2023.12.02 11:55:27 INFO  compiling day2_bd2c96d2de (1 scala source)
2023.12.02 11:55:27 INFO  time: compiled day2_bd2c96d2de in 0.34s
2023.12.02 11:55:31 INFO  compiling day2_bd2c96d2de (1 scala source)
2023.12.02 11:55:31 INFO  time: compiled day2_bd2c96d2de in 0.24s
2023.12.02 11:55:58 WARN  Could not load snapshot text for /home/thelesso/dev/adventOfCode/day2/Main.scala
2023.12.02 11:55:58 WARN  Could not load snapshot text for /home/thelesso/dev/adventOfCode/day2/Main.scala
2023.12.02 11:55:58 WARN  Could not load snapshot text for /home/thelesso/dev/adventOfCode/day2/Main.scala
2023.12.02 11:55:58 WARN  Could not load snapshot text for /home/thelesso/dev/adventOfCode/day2/Main.scala
2023.12.02 11:55:58 WARN  Could not load snapshot text for /home/thelesso/dev/adventOfCode/day2/Main.scala
2023.12.02 11:55:58 WARN  Could not load snapshot text for /home/thelesso/dev/adventOfCode/day2/Main.scala
2023.12.02 11:55:58 WARN  Could not load snapshot text for /home/thelesso/dev/adventOfCode/day2/Main.scala
2023.12.02 11:55:58 WARN  Could not load snapshot text for /home/thelesso/dev/adventOfCode/day2/Main.scala
2023.12.02 11:55:58 INFO  compiling day2_bd2c96d2de (1 scala source)
2023.12.02 11:55:58 INFO  time: compiled day2_bd2c96d2de in 0.28s
2023.12.02 11:56:13 INFO  compiling day2_bd2c96d2de (1 scala source)
2023.12.02 11:56:13 INFO  time: compiled day2_bd2c96d2de in 0.22s
2023.12.02 11:56:25 INFO  compiling day2_bd2c96d2de (1 scala source)
2023.12.02 11:56:25 INFO  time: compiled day2_bd2c96d2de in 0.29s
2023.12.02 11:56:31 WARN  Could not load snapshot text for /home/thelesso/dev/adventOfCode/day2/Main.scala
2023.12.02 11:56:32 INFO  compiling day2_bd2c96d2de (1 scala source)
2023.12.02 11:56:32 INFO  time: compiled day2_bd2c96d2de in 0.22s
2023.12.02 11:56:52 INFO  compiling day2_bd2c96d2de (1 scala source)
2023.12.02 11:56:52 INFO  time: compiled day2_bd2c96d2de in 0.22s
2023.12.02 11:57:09 INFO  compiling day2_bd2c96d2de (1 scala source)
2023.12.02 11:57:09 INFO  time: compiled day2_bd2c96d2de in 0.21s
Dec 02, 2023 11:57:23 AM org.eclipse.lsp4j.jsonrpc.RemoteEndpoint handleCancellation
WARNING: Unmatched cancel notification for request id 7305
2023.12.02 11:57:32 INFO  compiling day2_bd2c96d2de (1 scala source)
2023.12.02 11:57:32 INFO  time: compiled day2_bd2c96d2de in 0.26s
2023.12.02 11:58:00 WARN  Could not load snapshot text for /home/thelesso/dev/adventOfCode/day2/Main.scala
2023.12.02 11:58:00 WARN  Could not load snapshot text for /home/thelesso/dev/adventOfCode/day2/Main.scala
2023.12.02 11:58:00 INFO  compiling day2_bd2c96d2de (1 scala source)
2023.12.02 11:58:00 INFO  time: compiled day2_bd2c96d2de in 0.22s
2023.12.02 11:58:28 INFO  compiling day2_bd2c96d2de (1 scala source)
2023.12.02 11:58:28 INFO  time: compiled day2_bd2c96d2de in 0.28s
2023.12.02 11:58:33 INFO  compiling day2_bd2c96d2de (1 scala source)
2023.12.02 11:58:33 INFO  time: compiled day2_bd2c96d2de in 0.26s
2023.12.02 11:58:37 INFO  compiling day2_bd2c96d2de (1 scala source)
2023.12.02 11:58:37 INFO  time: compiled day2_bd2c96d2de in 0.2s
2023.12.02 11:58:42 INFO  compiling day2_bd2c96d2de (1 scala source)
2023.12.02 11:58:42 INFO  time: compiled day2_bd2c96d2de in 0.23s
2023.12.02 11:58:53 INFO  compiling day2_bd2c96d2de (1 scala source)
2023.12.02 11:58:53 INFO  time: compiled day2_bd2c96d2de in 0.26s
2023.12.02 11:58:54 INFO  Shutting down server
2023.12.02 11:58:54 INFO  shutting down Metals
2023.12.02 11:58:54 INFO  Shut down connection with build server.
2023.12.02 11:58:54 INFO  Exiting server
2023.12.02 11:59:09 INFO  Started: Metals version 1.1.0 in folders '/home/thelesso/dev/adventOfCode/day2' for client Visual Studio Code 1.83.1.
2023.12.02 11:59:10 WARN  No build session currently active to reload.
2023.12.02 11:59:10 INFO  Attempting to connect to the build server...
2023.12.02 11:59:10 INFO  Running BSP server List(/home/thelesso/.local/share/coursier/bin/.scala-cli.aux, bsp, --json-options, /home/thelesso/dev/adventOfCode/day2/.scala-build/ide-options-v2.json, /home/thelesso/dev/adventOfCode/day2)
2023.12.02 11:59:10 INFO  tracing is disabled for protocol BSP, to enable tracing of incoming and outgoing JSON messages create an empty file at /home/thelesso/dev/adventOfCode/day2/.metals/bsp.trace.json or /home/thelesso/.cache/metals/bsp.trace.json
2023.12.02 11:59:11 INFO  time: Connected to build server in 1.09s
2023.12.02 11:59:11 INFO  Connected to Build server: scala-cli v1.0.4
2023.12.02 11:59:12 INFO  time: Imported build in 0.11s
2023.12.02 11:59:12 INFO  compiling day2_bd2c96d2de (1 scala source)
2023.12.02 11:59:12 INFO  time: compiled day2_bd2c96d2de in 0.41s
2023.12.02 11:59:14 INFO  time: indexed workspace in 2.82s
2023.12.02 11:59:58 INFO  compiling day2_bd2c96d2de (1 scala source)
2023.12.02 11:59:58 INFO  time: compiled day2_bd2c96d2de in 0.34s
Exception in thread "pool-4-thread-1" java.lang.Error: java.lang.InterruptedException
	at java.util.concurrent.ThreadPoolExecutor.runWorker(ThreadPoolExecutor.java:1155)
	at java.util.concurrent.ThreadPoolExecutor$Worker.run(ThreadPoolExecutor.java:624)
	at java.lang.Thread.run(Thread.java:748)
Caused by: java.lang.InterruptedException
	at scala.meta.internal.metals.FutureCancelToken.checkCanceled(FutureCancelToken.scala:29)
	at scala.meta.internal.pc.CompilerAccess.onCompilerJobQueue$$anonfun$1(CompilerAccess.scala:230)
	at scala.meta.internal.pc.CompilerJobQueue$Job.run(CompilerJobQueue.scala:152)
	at java.util.concurrent.ThreadPoolExecutor.runWorker(ThreadPoolExecutor.java:1149)
	... 2 more
2023.12.02 12:00:07 INFO  compiling day2_bd2c96d2de (1 scala source)
2023.12.02 12:00:07 INFO  Deduplicating compilation of day2_bd2c96d2de from bsp client 'scala-cli 1.0.4' (since 56.8s)
2023.12.02 12:00:07 INFO  compiling day2_bd2c96d2de (1 scala source)
2023.12.02 12:00:07 INFO  time: compiled day2_bd2c96d2de in 57ms
2023.12.02 12:00:26 INFO  compiling day2_bd2c96d2de (1 scala source)
2023.12.02 12:00:26 INFO  time: compiled day2_bd2c96d2de in 0.28s
2023.12.02 12:00:31 INFO  compiling day2_bd2c96d2de (1 scala source)
2023.12.02 12:00:31 INFO  time: compiled day2_bd2c96d2de in 0.25s
2023.12.02 12:00:35 INFO  compiling day2_bd2c96d2de (1 scala source)
2023.12.02 12:00:35 INFO  time: compiled day2_bd2c96d2de in 0.24s
Dec 02, 2023 12:00:57 PM org.eclipse.lsp4j.jsonrpc.RemoteEndpoint handleCancellation
WARNING: Unmatched cancel notification for request id 194
Exception in thread "pool-4-thread-2" java.lang.Error: java.lang.InterruptedException
	at java.util.concurrent.ThreadPoolExecutor.runWorker(ThreadPoolExecutor.java:1155)
	at java.util.concurrent.ThreadPoolExecutor$Worker.run(ThreadPoolExecutor.java:624)
	at java.lang.Thread.run(Thread.java:748)
Caused by: java.lang.InterruptedException
	at scala.meta.internal.metals.FutureCancelToken.checkCanceled(FutureCancelToken.scala:29)
	at scala.meta.internal.pc.CompilerAccess.onCompilerJobQueue$$anonfun$1(CompilerAccess.scala:230)
	at scala.meta.internal.pc.CompilerJobQueue$Job.run(CompilerJobQueue.scala:152)
	at java.util.concurrent.ThreadPoolExecutor.runWorker(ThreadPoolExecutor.java:1149)
	... 2 more
2023.12.02 12:00:57 INFO  compiling day2_bd2c96d2de (1 scala source)
2023.12.02 12:00:57 INFO  time: compiled day2_bd2c96d2de in 0.25s
2023.12.02 12:01:08 INFO  compiling day2_bd2c96d2de (1 scala source)
2023.12.02 12:01:08 INFO  time: compiled day2_bd2c96d2de in 0.23s
2023.12.02 12:01:20 INFO  compiling day2_bd2c96d2de (1 scala source)
2023.12.02 12:01:20 INFO  time: compiled day2_bd2c96d2de in 0.28s
2023.12.02 12:01:22 INFO  compiling day2_bd2c96d2de (1 scala source)
2023.12.02 12:01:22 INFO  time: compiled day2_bd2c96d2de in 0.23s
2023.12.02 12:01:37 INFO  compiling day2_bd2c96d2de (1 scala source)
2023.12.02 12:01:37 INFO  time: compiled day2_bd2c96d2de in 0.2s
2023.12.02 12:01:43 INFO  compiling day2_bd2c96d2de (1 scala source)
2023.12.02 12:01:43 INFO  time: compiled day2_bd2c96d2de in 0.21s
2023.12.02 12:01:53 INFO  compiling day2_bd2c96d2de (1 scala source)
2023.12.02 12:01:53 INFO  time: compiled day2_bd2c96d2de in 0.25s
2023.12.02 12:01:59 INFO  compiling day2_bd2c96d2de (1 scala source)
2023.12.02 12:01:59 INFO  time: compiled day2_bd2c96d2de in 0.4s
2023.12.02 12:02:26 INFO  compiling day2_bd2c96d2de (1 scala source)
2023.12.02 12:02:26 INFO  time: compiled day2_bd2c96d2de in 0.23s
2023.12.02 12:02:30 INFO  compiling day2_bd2c96d2de (1 scala source)
2023.12.02 12:02:30 INFO  time: compiled day2_bd2c96d2de in 0.28s
Dec 02, 2023 12:02:36 PM org.eclipse.lsp4j.jsonrpc.RemoteEndpoint handleCancellation
WARNING: Unmatched cancel notification for request id 402
2023.12.02 12:02:38 INFO  compiling day2_bd2c96d2de (1 scala source)
2023.12.02 12:02:38 INFO  time: compiled day2_bd2c96d2de in 0.37s
2023.12.02 12:02:42 INFO  compiling day2_bd2c96d2de (1 scala source)
2023.12.02 12:02:42 INFO  time: compiled day2_bd2c96d2de in 0.2s
2023.12.02 12:02:50 INFO  compiling day2_bd2c96d2de (1 scala source)
2023.12.02 12:02:50 INFO  time: compiled day2_bd2c96d2de in 0.19s
2023.12.02 12:03:03 INFO  compiling day2_bd2c96d2de (1 scala source)
2023.12.02 12:03:03 INFO  time: compiled day2_bd2c96d2de in 0.2s
2023.12.02 12:03:07 INFO  compiling day2_bd2c96d2de (1 scala source)
2023.12.02 12:03:07 INFO  time: compiled day2_bd2c96d2de in 0.21s
2023.12.02 12:03:25 INFO  compiling day2_bd2c96d2de (1 scala source)
2023.12.02 12:03:25 INFO  time: compiled day2_bd2c96d2de in 0.2s
2023.12.02 12:03:33 INFO  compiling day2_bd2c96d2de (1 scala source)
2023.12.02 12:03:33 INFO  time: compiled day2_bd2c96d2de in 0.16s
2023.12.02 12:03:43 INFO  compiling day2_bd2c96d2de (1 scala source)
2023.12.02 12:03:43 INFO  time: compiled day2_bd2c96d2de in 0.22s
2023.12.02 12:03:50 INFO  compiling day2_bd2c96d2de (1 scala source)
2023.12.02 12:03:50 INFO  Deduplicating compilation of day2_bd2c96d2de from bsp client 'scala-cli 1.0.4' (since 4m 39.01s)
2023.12.02 12:03:50 INFO  compiling day2_bd2c96d2de (1 scala source)
2023.12.02 12:03:50 INFO  time: compiled day2_bd2c96d2de in 74ms
Dec 02, 2023 12:04:05 PM org.eclipse.lsp4j.jsonrpc.RemoteEndpoint handleCancellation
WARNING: Unmatched cancel notification for request id 718
2023.12.02 12:04:09 INFO  compiling day2_bd2c96d2de (1 scala source)
2023.12.02 12:04:09 INFO  time: compiled day2_bd2c96d2de in 0.25s
2023.12.02 12:04:14 INFO  compiling day2_bd2c96d2de (1 scala source)
2023.12.02 12:04:14 INFO  time: compiled day2_bd2c96d2de in 0.28s
